#
# There is insufficient memory for the Java Runtime Environment to continue.
# Native memory allocation (malloc) failed to allocate 32744 bytes for ChunkPool::allocate
# Possible reasons:
#   The system is out of physical RAM or swap space
#   The process is running with CompressedOops enabled, and the Java Heap may be blocking the growth of the native heap
# Possible solutions:
#   Reduce memory load on the system
#   Increase physical memory or swap space
#   Check if swap backing store is full
#   Decrease Java heap size (-Xmx/-Xms)
#   Decrease number of Java threads
#   Decrease Java thread stack sizes (-Xss)
#   Set larger code cache with -XX:ReservedCodeCacheSize=
#   JVM is running with Unscaled Compressed Oops mode in which the Java heap is
#     placed in the first 4GB address space. The Java Heap base address is the
#     maximum limit for the native heap growth. Please use -XX:HeapBaseMinAddress
#     to set the Java Heap base and to place the Java Heap above 4GB virtual address.
# This output file may be truncated or incomplete.
#
#  Out of Memory Error (arena.cpp:78), pid=5636, tid=16928
#
# JRE version: OpenJDK Runtime Environment Temurin-17.0.2+8 (17.0.2+8) (build 17.0.2+8)
# Java VM: OpenJDK 64-Bit Server VM Temurin-17.0.2+8 (17.0.2+8, mixed mode, emulated-client, tiered, compressed oops, compressed class ptrs, g1 gc, windows-amd64)
# No core dump will be written. Minidumps are not enabled by default on client versions of Windows
#

---------------  S U M M A R Y ------------

Command Line: -Dsts.lsp.client=vscode -Dsts.log.file=/dev/null -XX:TieredStopAtLevel=1 -Dspring.config.location=file:c:\Users\user1\.vscode\extensions\pivotal.vscode-spring-boot-1.32.0\language-server\BOOT-INF\classes\application.properties org.springframework.ide.vscode.boot.app.BootLanguageServerBootApp

Host: Intel(R) Core(TM) i5-6300U CPU @ 2.40GHz, 4 cores, 7G,  Windows 10 , 64 bit Build 19041 (10.0.19041.1503)
Time: Tue Mar 22 14:00:51 2022 Cuba Daylight Time elapsed time: 1.650709 seconds (0d 0h 0m 1s)

---------------  T H R E A D  ---------------

Current thread (0x0000014c271ba520):  JavaThread "C1 CompilerThread0" daemon [_thread_in_native, id=16928, stack(0x0000002053100000,0x0000002053200000)]


Current CompileTask:
C1:   1650 1922   !   1       java.lang.invoke.AbstractValidatingLambdaMetafactory::<init> (559 bytes)

Stack: [0x0000002053100000,0x0000002053200000]
Native frames: (J=compiled Java code, j=interpreted, Vv=VM code, C=native code)
V  [jvm.dll+0x67564a]
V  [jvm.dll+0x82fc04]
V  [jvm.dll+0x8313ae]
V  [jvm.dll+0x831a13]
V  [jvm.dll+0x245235]
V  [jvm.dll+0xabfc0]
V  [jvm.dll+0xac30c]
V  [jvm.dll+0x176dc3]
V  [jvm.dll+0x176a82]
V  [jvm.dll+0x179330]
V  [jvm.dll+0x1790cd]
V  [jvm.dll+0x177414]
V  [jvm.dll+0x1776da]
V  [jvm.dll+0x17a813]
V  [jvm.dll+0x134723]
V  [jvm.dll+0x13401f]
V  [jvm.dll+0x134256]
V  [jvm.dll+0x1336ea]
V  [jvm.dll+0x1353b1]
V  [jvm.dll+0x226ef8]
V  [jvm.dll+0x22503c]
V  [jvm.dll+0x7e596b]
V  [jvm.dll+0x7dff2a]
V  [jvm.dll+0x6744d5]
C  [ucrtbase.dll+0x21bb2]
C  [KERNEL32.DLL+0x17034]
C  [ntdll.dll+0x52651]


---------------  P R O C E S S  ---------------

Threads class SMR info:
_java_thread_list=0x0000014c286c5e90, length=13, elements={
0x0000014c1a6f3030, 0x0000014c2716a760, 0x0000014c2716b360, 0x0000014c271a7130,
0x0000014c271ab000, 0x0000014c271ac3d0, 0x0000014c271b69b0, 0x0000014c271ba520,
0x0000014c271bab20, 0x0000014c27d13e30, 0x0000014c27d1a9f0, 0x0000014c27d59750,
0x0000014c27d5b300
}

Java Threads: ( => current thread )
  0x0000014c1a6f3030 JavaThread "main" [_thread_in_vm, id=8600, stack(0x0000002052400000,0x0000002052500000)]
  0x0000014c2716a760 JavaThread "Reference Handler" daemon [_thread_blocked, id=7312, stack(0x0000002052b00000,0x0000002052c00000)]
  0x0000014c2716b360 JavaThread "Finalizer" daemon [_thread_blocked, id=1604, stack(0x0000002052c00000,0x0000002052d00000)]
  0x0000014c271a7130 JavaThread "Signal Dispatcher" daemon [_thread_blocked, id=3256, stack(0x0000002052d00000,0x0000002052e00000)]
  0x0000014c271ab000 JavaThread "Attach Listener" daemon [_thread_blocked, id=15340, stack(0x0000002052e00000,0x0000002052f00000)]
  0x0000014c271ac3d0 JavaThread "Service Thread" daemon [_thread_blocked, id=8808, stack(0x0000002052f00000,0x0000002053000000)]
  0x0000014c271b69b0 JavaThread "Monitor Deflation Thread" daemon [_thread_blocked, id=716, stack(0x0000002053000000,0x0000002053100000)]
=>0x0000014c271ba520 JavaThread "C1 CompilerThread0" daemon [_thread_in_native, id=16928, stack(0x0000002053100000,0x0000002053200000)]
  0x0000014c271bab20 JavaThread "Sweeper thread" daemon [_thread_blocked, id=3020, stack(0x0000002053200000,0x0000002053300000)]
  0x0000014c27d13e30 JavaThread "C1 CompilerThread1" daemon [_thread_in_native, id=13908, stack(0x0000002053300000,0x0000002053400000)]
  0x0000014c27d1a9f0 JavaThread "C1 CompilerThread2" daemon [_thread_in_native, id=17176, stack(0x0000002053400000,0x0000002053500000)]
  0x0000014c27d59750 JavaThread "Notification Thread" daemon [_thread_blocked, id=9852, stack(0x0000002053500000,0x0000002053600000)]
  0x0000014c27d5b300 JavaThread "Common-Cleaner" daemon [_thread_blocked, id=10196, stack(0x0000002053700000,0x0000002053800000)]

Other Threads:
  0x0000014c27145ba0 VMThread "VM Thread" [stack: 0x0000002052a00000,0x0000002052b00000] [id=120]
  0x0000014c27d59c20 WatcherThread [stack: 0x0000002053600000,0x0000002053700000] [id=11172]
  0x0000014c1a732670 GCTaskThread "GC Thread#0" [stack: 0x0000002052500000,0x0000002052600000] [id=7620]
  0x0000014c28399240 GCTaskThread "GC Thread#1" [stack: 0x0000002053800000,0x0000002053900000] [id=4268]
  0x0000014c283a18e0 GCTaskThread "GC Thread#2" [stack: 0x0000002053900000,0x0000002053a00000] [id=14256]
  0x0000014c28446550 GCTaskThread "GC Thread#3" [stack: 0x0000002053a00000,0x0000002053b00000] [id=7932]
  0x0000014c1a7438b0 ConcurrentGCThread "G1 Main Marker" [stack: 0x0000002052600000,0x0000002052700000] [id=9208]
  0x0000014c1a745170 ConcurrentGCThread "G1 Conc#0" [stack: 0x0000002052700000,0x0000002052800000] [id=7140]
  0x0000014c1a7bf210 ConcurrentGCThread "G1 Refine#0" [stack: 0x0000002052800000,0x0000002052900000] [id=6364]
  0x0000014c1a7c0ae0 ConcurrentGCThread "G1 Service" [stack: 0x0000002052900000,0x0000002052a00000] [id=14580]

Threads with active compile tasks:
C1 CompilerThread0     1682 1922   !   1       java.lang.invoke.AbstractValidatingLambdaMetafactory::<init> (559 bytes)
C1 CompilerThread1     1682 1926       1       java.lang.invoke.AbstractValidatingLambdaMetafactory::validateMetafactoryArgs (607 bytes)
C1 CompilerThread2     1682 1925       1       java.lang.invoke.InnerClassLambdaMetafactory::lambdaClassName (57 bytes)

VM state: not at safepoint (normal execution)

VM Mutex/Monitor currently owned by a thread: None

Heap address: 0x0000000081a00000, size: 2022 MB, Compressed Oops mode: 32-bit

CDS archive(s) not mapped
Compressed class space mapped at: 0x0000000100000000-0x0000000140000000, reserved size: 1073741824
Narrow klass base: 0x0000000000000000, Narrow klass shift: 3, Narrow klass range: 0x140000000

GC Precious Log:
 CPUs: 4 total, 4 available
 Memory: 8083M
 Large Page Support: Disabled
 NUMA Support: Disabled
 Compressed Oops: Enabled (32-bit)
 Heap Region Size: 1M
 Heap Min Capacity: 8M
 Heap Initial Capacity: 128M
 Heap Max Capacity: 2022M
 Pre-touch: Disabled
 Parallel Workers: 4
 Concurrent Workers: 1
 Concurrent Refinement Workers: 4
 Periodic GC: Disabled

Heap:
 garbage-first heap   total 131072K, used 13591K [0x0000000081a00000, 0x0000000100000000)
  region size 1024K, 10 young (10240K), 4 survivors (4096K)
 Metaspace       used 20315K, committed 20544K, reserved 1073152K
  class space    used 2540K, committed 2688K, reserved 1048576K

Heap Regions: E=young(eden), S=young(survivor), O=old, HS=humongous(starts), HC=humongous(continues), CS=collection set, F=free, OA=open archive, CA=closed archive, TAMS=top-at-mark-start (previous, next)
|   0|0x0000000081a00000, 0x0000000081b00000, 0x0000000081b00000|100%| O|  |TAMS 0x0000000081a00000, 0x0000000081a00000| Untracked 
|   1|0x0000000081b00000, 0x0000000081c00000, 0x0000000081c00000|100%| O|  |TAMS 0x0000000081b00000, 0x0000000081b00000| Untracked 
|   2|0x0000000081c00000, 0x0000000081d00000, 0x0000000081d00000|100%| O|  |TAMS 0x0000000081c00000, 0x0000000081c00000| Untracked 
|   3|0x0000000081d00000, 0x0000000081e00000, 0x0000000081e00000|100%| O|  |TAMS 0x0000000081d00000, 0x0000000081d00000| Untracked 
|   4|0x0000000081e00000, 0x0000000081e45c00, 0x0000000081f00000| 27%| O|  |TAMS 0x0000000081e00000, 0x0000000081e00000| Untracked 
|   5|0x0000000081f00000, 0x0000000081f00000, 0x0000000082000000|  0%| F|  |TAMS 0x0000000081f00000, 0x0000000081f00000| Untracked 
|   6|0x0000000082000000, 0x0000000082000000, 0x0000000082100000|  0%| F|  |TAMS 0x0000000082000000, 0x0000000082000000| Untracked 
|   7|0x0000000082100000, 0x0000000082100000, 0x0000000082200000|  0%| F|  |TAMS 0x0000000082100000, 0x0000000082100000| Untracked 
|   8|0x0000000082200000, 0x0000000082200000, 0x0000000082300000|  0%| F|  |TAMS 0x0000000082200000, 0x0000000082200000| Untracked 
|   9|0x0000000082300000, 0x0000000082300000, 0x0000000082400000|  0%| F|  |TAMS 0x0000000082300000, 0x0000000082300000| Untracked 
|  10|0x0000000082400000, 0x0000000082400000, 0x0000000082500000|  0%| F|  |TAMS 0x0000000082400000, 0x0000000082400000| Untracked 
|  11|0x0000000082500000, 0x0000000082500000, 0x0000000082600000|  0%| F|  |TAMS 0x0000000082500000, 0x0000000082500000| Untracked 
|  12|0x0000000082600000, 0x0000000082600000, 0x0000000082700000|  0%| F|  |TAMS 0x0000000082600000, 0x0000000082600000| Untracked 
|  13|0x0000000082700000, 0x0000000082700000, 0x0000000082800000|  0%| F|  |TAMS 0x0000000082700000, 0x0000000082700000| Untracked 
|  14|0x0000000082800000, 0x0000000082800000, 0x0000000082900000|  0%| F|  |TAMS 0x0000000082800000, 0x0000000082800000| Untracked 
|  15|0x0000000082900000, 0x0000000082900000, 0x0000000082a00000|  0%| F|  |TAMS 0x0000000082900000, 0x0000000082900000| Untracked 
|  16|0x0000000082a00000, 0x0000000082a00000, 0x0000000082b00000|  0%| F|  |TAMS 0x0000000082a00000, 0x0000000082a00000| Untracked 
|  17|0x0000000082b00000, 0x0000000082b00000, 0x0000000082c00000|  0%| F|  |TAMS 0x0000000082b00000, 0x0000000082b00000| Untracked 
|  18|0x0000000082c00000, 0x0000000082c00000, 0x0000000082d00000|  0%| F|  |TAMS 0x0000000082c00000, 0x0000000082c00000| Untracked 
|  19|0x0000000082d00000, 0x0000000082d00000, 0x0000000082e00000|  0%| F|  |TAMS 0x0000000082d00000, 0x0000000082d00000| Untracked 
|  20|0x0000000082e00000, 0x0000000082e00000, 0x0000000082f00000|  0%| F|  |TAMS 0x0000000082e00000, 0x0000000082e00000| Untracked 
|  21|0x0000000082f00000, 0x0000000082f00000, 0x0000000083000000|  0%| F|  |TAMS 0x0000000082f00000, 0x0000000082f00000| Untracked 
|  22|0x0000000083000000, 0x0000000083000000, 0x0000000083100000|  0%| F|  |TAMS 0x0000000083000000, 0x0000000083000000| Untracked 
|  23|0x0000000083100000, 0x0000000083100000, 0x0000000083200000|  0%| F|  |TAMS 0x0000000083100000, 0x0000000083100000| Untracked 
|  24|0x0000000083200000, 0x0000000083200000, 0x0000000083300000|  0%| F|  |TAMS 0x0000000083200000, 0x0000000083200000| Untracked 
|  25|0x0000000083300000, 0x0000000083300000, 0x0000000083400000|  0%| F|  |TAMS 0x0000000083300000, 0x0000000083300000| Untracked 
|  26|0x0000000083400000, 0x0000000083400000, 0x0000000083500000|  0%| F|  |TAMS 0x0000000083400000, 0x0000000083400000| Untracked 
|  27|0x0000000083500000, 0x0000000083500000, 0x0000000083600000|  0%| F|  |TAMS 0x0000000083500000, 0x0000000083500000| Untracked 
|  28|0x0000000083600000, 0x0000000083600000, 0x0000000083700000|  0%| F|  |TAMS 0x0000000083600000, 0x0000000083600000| Untracked 
|  29|0x0000000083700000, 0x0000000083700000, 0x0000000083800000|  0%| F|  |TAMS 0x0000000083700000, 0x0000000083700000| Untracked 
|  30|0x0000000083800000, 0x0000000083800000, 0x0000000083900000|  0%| F|  |TAMS 0x0000000083800000, 0x0000000083800000| Untracked 
|  31|0x0000000083900000, 0x0000000083900000, 0x0000000083a00000|  0%| F|  |TAMS 0x0000000083900000, 0x0000000083900000| Untracked 
|  32|0x0000000083a00000, 0x0000000083a00000, 0x0000000083b00000|  0%| F|  |TAMS 0x0000000083a00000, 0x0000000083a00000| Untracked 
|  33|0x0000000083b00000, 0x0000000083b00000, 0x0000000083c00000|  0%| F|  |TAMS 0x0000000083b00000, 0x0000000083b00000| Untracked 
|  34|0x0000000083c00000, 0x0000000083c00000, 0x0000000083d00000|  0%| F|  |TAMS 0x0000000083c00000, 0x0000000083c00000| Untracked 
|  35|0x0000000083d00000, 0x0000000083d00000, 0x0000000083e00000|  0%| F|  |TAMS 0x0000000083d00000, 0x0000000083d00000| Untracked 
|  36|0x0000000083e00000, 0x0000000083e00000, 0x0000000083f00000|  0%| F|  |TAMS 0x0000000083e00000, 0x0000000083e00000| Untracked 
|  37|0x0000000083f00000, 0x0000000083f00000, 0x0000000084000000|  0%| F|  |TAMS 0x0000000083f00000, 0x0000000083f00000| Untracked 
|  38|0x0000000084000000, 0x0000000084000000, 0x0000000084100000|  0%| F|  |TAMS 0x0000000084000000, 0x0000000084000000| Untracked 
|  39|0x0000000084100000, 0x0000000084100000, 0x0000000084200000|  0%| F|  |TAMS 0x0000000084100000, 0x0000000084100000| Untracked 
|  40|0x0000000084200000, 0x0000000084200000, 0x0000000084300000|  0%| F|  |TAMS 0x0000000084200000, 0x0000000084200000| Untracked 
|  41|0x0000000084300000, 0x0000000084300000, 0x0000000084400000|  0%| F|  |TAMS 0x0000000084300000, 0x0000000084300000| Untracked 
|  42|0x0000000084400000, 0x0000000084400000, 0x0000000084500000|  0%| F|  |TAMS 0x0000000084400000, 0x0000000084400000| Untracked 
|  43|0x0000000084500000, 0x0000000084500000, 0x0000000084600000|  0%| F|  |TAMS 0x0000000084500000, 0x0000000084500000| Untracked 
|  44|0x0000000084600000, 0x0000000084600000, 0x0000000084700000|  0%| F|  |TAMS 0x0000000084600000, 0x0000000084600000| Untracked 
|  45|0x0000000084700000, 0x0000000084700000, 0x0000000084800000|  0%| F|  |TAMS 0x0000000084700000, 0x0000000084700000| Untracked 
|  46|0x0000000084800000, 0x0000000084800000, 0x0000000084900000|  0%| F|  |TAMS 0x0000000084800000, 0x0000000084800000| Untracked 
|  47|0x0000000084900000, 0x0000000084900000, 0x0000000084a00000|  0%| F|  |TAMS 0x0000000084900000, 0x0000000084900000| Untracked 
|  48|0x0000000084a00000, 0x0000000084a00000, 0x0000000084b00000|  0%| F|  |TAMS 0x0000000084a00000, 0x0000000084a00000| Untracked 
|  49|0x0000000084b00000, 0x0000000084b00000, 0x0000000084c00000|  0%| F|  |TAMS 0x0000000084b00000, 0x0000000084b00000| Untracked 
|  50|0x0000000084c00000, 0x0000000084c00000, 0x0000000084d00000|  0%| F|  |TAMS 0x0000000084c00000, 0x0000000084c00000| Untracked 
|  51|0x0000000084d00000, 0x0000000084d00000, 0x0000000084e00000|  0%| F|  |TAMS 0x0000000084d00000, 0x0000000084d00000| Untracked 
|  52|0x0000000084e00000, 0x0000000084e00000, 0x0000000084f00000|  0%| F|  |TAMS 0x0000000084e00000, 0x0000000084e00000| Untracked 
|  53|0x0000000084f00000, 0x0000000084f00000, 0x0000000085000000|  0%| F|  |TAMS 0x0000000084f00000, 0x0000000084f00000| Untracked 
|  54|0x0000000085000000, 0x0000000085000000, 0x0000000085100000|  0%| F|  |TAMS 0x0000000085000000, 0x0000000085000000| Untracked 
|  55|0x0000000085100000, 0x0000000085100000, 0x0000000085200000|  0%| F|  |TAMS 0x0000000085100000, 0x0000000085100000| Untracked 
|  56|0x0000000085200000, 0x0000000085200000, 0x0000000085300000|  0%| F|  |TAMS 0x0000000085200000, 0x0000000085200000| Untracked 
|  57|0x0000000085300000, 0x0000000085300000, 0x0000000085400000|  0%| F|  |TAMS 0x0000000085300000, 0x0000000085300000| Untracked 
|  58|0x0000000085400000, 0x0000000085400000, 0x0000000085500000|  0%| F|  |TAMS 0x0000000085400000, 0x0000000085400000| Untracked 
|  59|0x0000000085500000, 0x0000000085500000, 0x0000000085600000|  0%| F|  |TAMS 0x0000000085500000, 0x0000000085500000| Untracked 
|  60|0x0000000085600000, 0x0000000085600000, 0x0000000085700000|  0%| F|  |TAMS 0x0000000085600000, 0x0000000085600000| Untracked 
|  61|0x0000000085700000, 0x0000000085700000, 0x0000000085800000|  0%| F|  |TAMS 0x0000000085700000, 0x0000000085700000| Untracked 
|  62|0x0000000085800000, 0x0000000085800000, 0x0000000085900000|  0%| F|  |TAMS 0x0000000085800000, 0x0000000085800000| Untracked 
|  63|0x0000000085900000, 0x0000000085900000, 0x0000000085a00000|  0%| F|  |TAMS 0x0000000085900000, 0x0000000085900000| Untracked 
|  64|0x0000000085a00000, 0x0000000085a00000, 0x0000000085b00000|  0%| F|  |TAMS 0x0000000085a00000, 0x0000000085a00000| Untracked 
|  65|0x0000000085b00000, 0x0000000085b00000, 0x0000000085c00000|  0%| F|  |TAMS 0x0000000085b00000, 0x0000000085b00000| Untracked 
|  66|0x0000000085c00000, 0x0000000085c00000, 0x0000000085d00000|  0%| F|  |TAMS 0x0000000085c00000, 0x0000000085c00000| Untracked 
|  67|0x0000000085d00000, 0x0000000085d00000, 0x0000000085e00000|  0%| F|  |TAMS 0x0000000085d00000, 0x0000000085d00000| Untracked 
|  68|0x0000000085e00000, 0x0000000085e00000, 0x0000000085f00000|  0%| F|  |TAMS 0x0000000085e00000, 0x0000000085e00000| Untracked 
|  69|0x0000000085f00000, 0x0000000085f00000, 0x0000000086000000|  0%| F|  |TAMS 0x0000000085f00000, 0x0000000085f00000| Untracked 
|  70|0x0000000086000000, 0x0000000086000000, 0x0000000086100000|  0%| F|  |TAMS 0x0000000086000000, 0x0000000086000000| Untracked 
|  71|0x0000000086100000, 0x0000000086100000, 0x0000000086200000|  0%| F|  |TAMS 0x0000000086100000, 0x0000000086100000| Untracked 
|  72|0x0000000086200000, 0x0000000086200000, 0x0000000086300000|  0%| F|  |TAMS 0x0000000086200000, 0x0000000086200000| Untracked 
|  73|0x0000000086300000, 0x0000000086300000, 0x0000000086400000|  0%| F|  |TAMS 0x0000000086300000, 0x0000000086300000| Untracked 
|  74|0x0000000086400000, 0x0000000086400000, 0x0000000086500000|  0%| F|  |TAMS 0x0000000086400000, 0x0000000086400000| Untracked 
|  75|0x0000000086500000, 0x0000000086500000, 0x0000000086600000|  0%| F|  |TAMS 0x0000000086500000, 0x0000000086500000| Untracked 
|  76|0x0000000086600000, 0x0000000086600000, 0x0000000086700000|  0%| F|  |TAMS 0x0000000086600000, 0x0000000086600000| Untracked 
|  77|0x0000000086700000, 0x0000000086700000, 0x0000000086800000|  0%| F|  |TAMS 0x0000000086700000, 0x0000000086700000| Untracked 
|  78|0x0000000086800000, 0x0000000086800000, 0x0000000086900000|  0%| F|  |TAMS 0x0000000086800000, 0x0000000086800000| Untracked 
|  79|0x0000000086900000, 0x0000000086900000, 0x0000000086a00000|  0%| F|  |TAMS 0x0000000086900000, 0x0000000086900000| Untracked 
|  80|0x0000000086a00000, 0x0000000086a00000, 0x0000000086b00000|  0%| F|  |TAMS 0x0000000086a00000, 0x0000000086a00000| Untracked 
|  81|0x0000000086b00000, 0x0000000086b00000, 0x0000000086c00000|  0%| F|  |TAMS 0x0000000086b00000, 0x0000000086b00000| Untracked 
|  82|0x0000000086c00000, 0x0000000086c00000, 0x0000000086d00000|  0%| F|  |TAMS 0x0000000086c00000, 0x0000000086c00000| Untracked 
|  83|0x0000000086d00000, 0x0000000086d00000, 0x0000000086e00000|  0%| F|  |TAMS 0x0000000086d00000, 0x0000000086d00000| Untracked 
|  84|0x0000000086e00000, 0x0000000086e00000, 0x0000000086f00000|  0%| F|  |TAMS 0x0000000086e00000, 0x0000000086e00000| Untracked 
|  85|0x0000000086f00000, 0x0000000086f00000, 0x0000000087000000|  0%| F|  |TAMS 0x0000000086f00000, 0x0000000086f00000| Untracked 
|  86|0x0000000087000000, 0x0000000087000000, 0x0000000087100000|  0%| F|  |TAMS 0x0000000087000000, 0x0000000087000000| Untracked 
|  87|0x0000000087100000, 0x0000000087100000, 0x0000000087200000|  0%| F|  |TAMS 0x0000000087100000, 0x0000000087100000| Untracked 
|  88|0x0000000087200000, 0x0000000087200000, 0x0000000087300000|  0%| F|  |TAMS 0x0000000087200000, 0x0000000087200000| Untracked 
|  89|0x0000000087300000, 0x0000000087300000, 0x0000000087400000|  0%| F|  |TAMS 0x0000000087300000, 0x0000000087300000| Untracked 
|  90|0x0000000087400000, 0x0000000087400000, 0x0000000087500000|  0%| F|  |TAMS 0x0000000087400000, 0x0000000087400000| Untracked 
|  91|0x0000000087500000, 0x0000000087500000, 0x0000000087600000|  0%| F|  |TAMS 0x0000000087500000, 0x0000000087500000| Untracked 
|  92|0x0000000087600000, 0x0000000087600000, 0x0000000087700000|  0%| F|  |TAMS 0x0000000087600000, 0x0000000087600000| Untracked 
|  93|0x0000000087700000, 0x0000000087700000, 0x0000000087800000|  0%| F|  |TAMS 0x0000000087700000, 0x0000000087700000| Untracked 
|  94|0x0000000087800000, 0x0000000087800000, 0x0000000087900000|  0%| F|  |TAMS 0x0000000087800000, 0x0000000087800000| Untracked 
|  95|0x0000000087900000, 0x0000000087900000, 0x0000000087a00000|  0%| F|  |TAMS 0x0000000087900000, 0x0000000087900000| Untracked 
|  96|0x0000000087a00000, 0x0000000087a00000, 0x0000000087b00000|  0%| F|  |TAMS 0x0000000087a00000, 0x0000000087a00000| Untracked 
|  97|0x0000000087b00000, 0x0000000087b00000, 0x0000000087c00000|  0%| F|  |TAMS 0x0000000087b00000, 0x0000000087b00000| Untracked 
|  98|0x0000000087c00000, 0x0000000087d00000, 0x0000000087d00000|100%| S|CS|TAMS 0x0000000087c00000, 0x0000000087c00000| Complete 
|  99|0x0000000087d00000, 0x0000000087e00000, 0x0000000087e00000|100%| S|CS|TAMS 0x0000000087d00000, 0x0000000087d00000| Complete 
| 100|0x0000000087e00000, 0x0000000087f00000, 0x0000000087f00000|100%| S|CS|TAMS 0x0000000087e00000, 0x0000000087e00000| Complete 
| 101|0x0000000087f00000, 0x0000000088000000, 0x0000000088000000|100%| S|CS|TAMS 0x0000000087f00000, 0x0000000087f00000| Complete 
| 102|0x0000000088000000, 0x0000000088000000, 0x0000000088100000|  0%| F|  |TAMS 0x0000000088000000, 0x0000000088000000| Untracked 
| 103|0x0000000088100000, 0x0000000088100000, 0x0000000088200000|  0%| F|  |TAMS 0x0000000088100000, 0x0000000088100000| Untracked 
| 104|0x0000000088200000, 0x0000000088200000, 0x0000000088300000|  0%| F|  |TAMS 0x0000000088200000, 0x0000000088200000| Untracked 
| 105|0x0000000088300000, 0x0000000088300000, 0x0000000088400000|  0%| F|  |TAMS 0x0000000088300000, 0x0000000088300000| Untracked 
| 106|0x0000000088400000, 0x0000000088400000, 0x0000000088500000|  0%| F|  |TAMS 0x0000000088400000, 0x0000000088400000| Untracked 
| 107|0x0000000088500000, 0x0000000088500000, 0x0000000088600000|  0%| F|  |TAMS 0x0000000088500000, 0x0000000088500000| Untracked 
| 108|0x0000000088600000, 0x0000000088600000, 0x0000000088700000|  0%| F|  |TAMS 0x0000000088600000, 0x0000000088600000| Untracked 
| 109|0x0000000088700000, 0x0000000088700000, 0x0000000088800000|  0%| F|  |TAMS 0x0000000088700000, 0x0000000088700000| Untracked 
| 110|0x0000000088800000, 0x0000000088800000, 0x0000000088900000|  0%| F|  |TAMS 0x0000000088800000, 0x0000000088800000| Untracked 
| 111|0x0000000088900000, 0x0000000088900000, 0x0000000088a00000|  0%| F|  |TAMS 0x0000000088900000, 0x0000000088900000| Untracked 
| 112|0x0000000088a00000, 0x0000000088a00000, 0x0000000088b00000|  0%| F|  |TAMS 0x0000000088a00000, 0x0000000088a00000| Untracked 
| 113|0x0000000088b00000, 0x0000000088b00000, 0x0000000088c00000|  0%| F|  |TAMS 0x0000000088b00000, 0x0000000088b00000| Untracked 
| 114|0x0000000088c00000, 0x0000000088c00000, 0x0000000088d00000|  0%| F|  |TAMS 0x0000000088c00000, 0x0000000088c00000| Untracked 
| 115|0x0000000088d00000, 0x0000000088d00000, 0x0000000088e00000|  0%| F|  |TAMS 0x0000000088d00000, 0x0000000088d00000| Untracked 
| 116|0x0000000088e00000, 0x0000000088e00000, 0x0000000088f00000|  0%| F|  |TAMS 0x0000000088e00000, 0x0000000088e00000| Untracked 
| 117|0x0000000088f00000, 0x0000000088f00000, 0x0000000089000000|  0%| F|  |TAMS 0x0000000088f00000, 0x0000000088f00000| Untracked 
| 118|0x0000000089000000, 0x0000000089000000, 0x0000000089100000|  0%| F|  |TAMS 0x0000000089000000, 0x0000000089000000| Untracked 
| 119|0x0000000089100000, 0x0000000089100000, 0x0000000089200000|  0%| F|  |TAMS 0x0000000089100000, 0x0000000089100000| Untracked 
| 120|0x0000000089200000, 0x0000000089200000, 0x0000000089300000|  0%| F|  |TAMS 0x0000000089200000, 0x0000000089200000| Untracked 
| 121|0x0000000089300000, 0x0000000089300000, 0x0000000089400000|  0%| F|  |TAMS 0x0000000089300000, 0x0000000089300000| Untracked 
| 122|0x0000000089400000, 0x0000000089500000, 0x0000000089500000|100%| E|  |TAMS 0x0000000089400000, 0x0000000089400000| Complete 
| 123|0x0000000089500000, 0x0000000089600000, 0x0000000089600000|100%| E|CS|TAMS 0x0000000089500000, 0x0000000089500000| Complete 
| 124|0x0000000089600000, 0x0000000089700000, 0x0000000089700000|100%| E|CS|TAMS 0x0000000089600000, 0x0000000089600000| Complete 
| 125|0x0000000089700000, 0x0000000089800000, 0x0000000089800000|100%| E|CS|TAMS 0x0000000089700000, 0x0000000089700000| Complete 
| 126|0x0000000089800000, 0x0000000089900000, 0x0000000089900000|100%| E|CS|TAMS 0x0000000089800000, 0x0000000089800000| Complete 
| 127|0x0000000089900000, 0x0000000089a00000, 0x0000000089a00000|100%| E|CS|TAMS 0x0000000089900000, 0x0000000089900000| Complete 

Card table byte_map: [0x0000014c20780000,0x0000014c20b80000] _byte_map_base: 0x0000014c20373000

Marking Bits (Prev, Next): (CMBitMap*) 0x0000014c1a732b20, (CMBitMap*) 0x0000014c1a732b60
 Prev Bits: [0x0000014c20f80000, 0x0000014c22f18000)
 Next Bits: [0x0000014c22f20000, 0x0000014c24eb8000)

Polling page: 0x0000014c184e0000

Metaspace:

Usage:
  Non-class:     17.36 MB used.
      Class:      2.48 MB used.
       Both:     19.84 MB used.

Virtual space:
  Non-class space:       24.00 MB reserved,      17.44 MB ( 73%) committed,  3 nodes.
      Class space:        1.00 GB reserved,       2.62 MB ( <1%) committed,  1 nodes.
             Both:        1.02 GB reserved,      20.06 MB (  2%) committed. 

Chunk freelists:
   Non-Class:  2.14 MB
       Class:  1.29 MB
        Both:  3.43 MB

MaxMetaspaceSize: unlimited
CompressedClassSpaceSize: 1.00 GB
Initial GC threshold: 21.00 MB
Current GC threshold: 21.00 MB
CDS: off
MetaspaceReclaimPolicy: balanced
 - commit_granule_bytes: 65536.
 - commit_granule_words: 8192.
 - virtual_space_node_default_size: 1048576.
 - enlarge_chunks_in_place: 1.
 - new_chunks_are_fully_committed: 0.
 - uncommit_free_chunks: 1.
 - use_allocation_guard: 0.
 - handle_deallocations: 1.


Internal statistics:

num_allocs_failed_limit: 0.
num_arena_births: 152.
num_arena_deaths: 0.
num_vsnodes_births: 4.
num_vsnodes_deaths: 0.
num_space_committed: 321.
num_space_uncommitted: 0.
num_chunks_returned_to_freelist: 0.
num_chunks_taken_from_freelist: 573.
num_chunk_merges: 0.
num_chunk_splits: 372.
num_chunks_enlarged: 277.
num_purges: 0.
num_inconsistent_stats: 0.

CodeCache: size=49152Kb used=5051Kb max_used=5051Kb free=44100Kb
 bounds [0x0000014c1d380000, 0x0000014c1d870000, 0x0000014c20380000]
 total_blobs=2378 nmethods=1924 adapters=379
 compilation: enabled
              stopped_count=0, restarted_count=0
 full_count=0

Compilation events (20 events):
Event: 1.644 Thread 0x0000014c27d13e30 nmethod 1915 0x0000014c1d868710 code [0x0000014c1d8688e0, 0x0000014c1d868bc8]
Event: 1.644 Thread 0x0000014c27d13e30 1917       1       java.lang.invoke.InfoFromMemberName::getMethodType (8 bytes)
Event: 1.644 Thread 0x0000014c271ba520 nmethod 1920 0x0000014c1d868d10 code [0x0000014c1d868ea0, 0x0000014c1d869058]
Event: 1.644 Thread 0x0000014c271ba520 1918       1       java.lang.invoke.TypeConvertingMethodAdapter::<init> (8 bytes)
Event: 1.644 Thread 0x0000014c27d13e30 nmethod 1917 0x0000014c1d869110 code [0x0000014c1d8692a0, 0x0000014c1d869388]
Event: 1.644 Thread 0x0000014c27d13e30 1919       1       jdk.internal.org.objectweb.asm.MethodVisitor::visitCode (15 bytes)
Event: 1.644 Thread 0x0000014c271ba520 nmethod 1918 0x0000014c1d869410 code [0x0000014c1d8695a0, 0x0000014c1d869688]
Event: 1.644 Thread 0x0000014c27d13e30 nmethod 1919 0x0000014c1d869710 code [0x0000014c1d8698a0, 0x0000014c1d869988]
Event: 1.644 Thread 0x0000014c27d1a9f0 nmethod 1913 0x0000014c1d869a10 code [0x0000014c1d869c80, 0x0000014c1d86a398]
Event: 1.645 Thread 0x0000014c27d1a9f0 1921       1       java.lang.invoke.InnerClassLambdaMetafactory::<init> (258 bytes)
Event: 1.645 Thread 0x0000014c271ba520 1922   !   1       java.lang.invoke.AbstractValidatingLambdaMetafactory::<init> (559 bytes)
Event: 1.645 Thread 0x0000014c27d13e30 1923   !   1       java.lang.invoke.MethodHandles$Lookup::revealDirect (196 bytes)
Event: 1.646 Thread 0x0000014c27d13e30 nmethod 1923 0x0000014c1d86a810 code [0x0000014c1d86aaa0, 0x0000014c1d86b2c8]
Event: 1.646 Thread 0x0000014c27d13e30 1926       1       java.lang.invoke.AbstractValidatingLambdaMetafactory::validateMetafactoryArgs (607 bytes)
Event: 1.647 Thread 0x0000014c27d1a9f0 nmethod 1921 0x0000014c1d86b790 code [0x0000014c1d86ba80, 0x0000014c1d86ca78]
Event: 1.647 Thread 0x0000014c27d1a9f0 1928       1       java.lang.invoke.AbstractValidatingLambdaMetafactory::checkDescriptor (133 bytes)
Event: 1.648 Thread 0x0000014c27d1a9f0 nmethod 1928 0x0000014c1d86d210 code [0x0000014c1d86d4e0, 0x0000014c1d86e3b8]
Event: 1.648 Thread 0x0000014c27d1a9f0 1924       1       java.lang.invoke.InfoFromMemberName::<init> (72 bytes)
Event: 1.648 Thread 0x0000014c27d1a9f0 nmethod 1924 0x0000014c1d86eb10 code [0x0000014c1d86eca0, 0x0000014c1d86edb8]
Event: 1.648 Thread 0x0000014c27d1a9f0 1925       1       java.lang.invoke.InnerClassLambdaMetafactory::lambdaClassName (57 bytes)

GC Heap History (6 events):
Event: 0.534 GC heap before
{Heap before GC invocations=0 (full 0):
 garbage-first heap   total 131072K, used 13312K [0x0000000081a00000, 0x0000000100000000)
  region size 1024K, 13 young (13312K), 0 survivors (0K)
 Metaspace       used 8247K, committed 8448K, reserved 1056768K
  class space    used 899K, committed 1024K, reserved 1048576K
}
Event: 0.539 GC heap after
{Heap after GC invocations=1 (full 0):
 garbage-first heap   total 131072K, used 4153K [0x0000000081a00000, 0x0000000100000000)
  region size 1024K, 2 young (2048K), 2 survivors (2048K)
 Metaspace       used 8247K, committed 8448K, reserved 1056768K
  class space    used 899K, committed 1024K, reserved 1048576K
}
Event: 0.911 GC heap before
{Heap before GC invocations=1 (full 0):
 garbage-first heap   total 131072K, used 17465K [0x0000000081a00000, 0x0000000100000000)
  region size 1024K, 15 young (15360K), 2 survivors (2048K)
 Metaspace       used 13500K, committed 13696K, reserved 1064960K
  class space    used 1590K, committed 1664K, reserved 1048576K
}
Event: 0.916 GC heap after
{Heap after GC invocations=2 (full 0):
 garbage-first heap   total 131072K, used 6242K [0x0000000081a00000, 0x0000000100000000)
  region size 1024K, 2 young (2048K), 2 survivors (2048K)
 Metaspace       used 13500K, committed 13696K, reserved 1064960K
  class space    used 1590K, committed 1664K, reserved 1048576K
}
Event: 1.519 GC heap before
{Heap before GC invocations=2 (full 0):
 garbage-first heap   total 131072K, used 29794K [0x0000000081a00000, 0x0000000100000000)
  region size 1024K, 26 young (26624K), 2 survivors (2048K)
 Metaspace       used 19784K, committed 19968K, reserved 1073152K
  class space    used 2460K, committed 2560K, reserved 1048576K
}
Event: 1.526 GC heap after
{Heap after GC invocations=3 (full 0):
 garbage-first heap   total 131072K, used 8471K [0x0000000081a00000, 0x0000000100000000)
  region size 1024K, 4 young (4096K), 4 survivors (4096K)
 Metaspace       used 19784K, committed 19968K, reserved 1073152K
  class space    used 2460K, committed 2560K, reserved 1048576K
}

Deoptimization events (4 events):
Event: 0.729 Thread 0x0000014c1a6f3030 DEOPT PACKING pc=0x0000014c1d6f00f5 sp=0x00000020524fdb40
Event: 0.729 Thread 0x0000014c1a6f3030 DEOPT UNPACKING pc=0x0000014c1d3d2b43 sp=0x00000020524fcfb0 mode 3
Event: 1.395 Thread 0x0000014c1a6f3030 DEOPT PACKING pc=0x0000014c1d7f1199 sp=0x00000020524fd2f0
Event: 1.396 Thread 0x0000014c1a6f3030 DEOPT UNPACKING pc=0x0000014c1d3d2b43 sp=0x00000020524fc7d0 mode 3

Classes unloaded (0 events):
No events

Classes redefined (0 events):
No events

Internal exceptions (20 events):
Event: 1.255 Thread 0x0000014c1a6f3030 Exception <a 'java/lang/NoClassDefFoundError'{0x0000000088ba6c70}: javax/validation/ValidationException> (0x0000000088ba6c70) 
thrown [e:\jenkins\tmp\workspace\build\src\src\hotspot\share\classfile\systemDictionary.cpp, line 245]
Event: 1.263 Thread 0x0000014c1a6f3030 Exception <a 'java/lang/NoClassDefFoundError'{0x0000000088bf8888}: org/springframework/jdbc/CannotGetJdbcConnectionException> (0x0000000088bf8888) 
thrown [e:\jenkins\tmp\workspace\build\src\src\hotspot\share\classfile\systemDictionary.cpp, line 245]
Event: 1.282 Thread 0x0000014c1a6f3030 Exception <a 'java/lang/NoSuchMethodError'{0x000000008888ca10}: 'org.slf4j.impl.StaticMDCBinder org.slf4j.impl.StaticMDCBinder.getSingleton()'> (0x000000008888ca10) 
thrown [e:\jenkins\tmp\workspace\build\src\src\hotspot\share\interpreter\linkResolver.cpp, line 766]
Event: 1.389 Thread 0x0000014c1a6f3030 Exception <a 'java/lang/ClassNotFoundException'{0x0000000088403058}: java/lang/ObjectCustomizer> (0x0000000088403058) 
thrown [e:\jenkins\tmp\workspace\build\src\src\hotspot\share\classfile\systemDictionary.cpp, line 256]
Event: 1.392 Thread 0x0000014c1a6f3030 Exception <a 'java/lang/NoSuchMethodError'{0x00000000884073a0}: 'java.lang.Object java.lang.invoke.DirectMethodHandle$Holder.invokeInterface(java.lang.Object, java.lang.Object)'> (0x00000000884073a0) 
thrown [e:\jenkins\tmp\workspace\build\src\src\hotspot\share\interpreter\linkResolver.cpp, line 766]
Event: 1.393 Thread 0x0000014c1a6f3030 Exception <a 'java/lang/IncompatibleClassChangeError'{0x000000008840ab98}: Found class java.lang.Object, but interface was expected> (0x000000008840ab98) 
thrown [e:\jenkins\tmp\workspace\build\src\src\hotspot\share\interpreter\linkResolver.cpp, line 833]
Event: 1.397 Thread 0x0000014c1a6f3030 Exception <a 'java/lang/ClassNotFoundException'{0x000000008841d940}: org/springframework/context/annotation/ConfigurationClassPostProcessorCustomizer> (0x000000008841d940) 
thrown [e:\jenkins\tmp\workspace\build\src\src\hotspot\share\classfile\systemDictionary.cpp, line 256]
Event: 1.401 Thread 0x0000014c1a6f3030 Exception <a 'java/lang/ClassNotFoundException'{0x00000000884394f0}: org/springframework/beans/factory/support/BeanDefinitionRegistryPostProcessorCustomizer> (0x00000000884394f0) 
thrown [e:\jenkins\tmp\workspace\build\src\src\hotspot\share\classfile\systemDictionary.cpp, line 256]
Event: 1.402 Thread 0x0000014c1a6f3030 Exception <a 'java/lang/ClassNotFoundException'{0x000000008843d7c0}: org/springframework/beans/factory/config/BeanFactoryPostProcessorCustomizer> (0x000000008843d7c0) 
thrown [e:\jenkins\tmp\workspace\build\src\src\hotspot\share\classfile\systemDictionary.cpp, line 256]
Event: 1.404 Thread 0x0000014c1a6f3030 Exception <a 'java/lang/ClassNotFoundException'{0x0000000088441aa8}: org/springframework/core/PriorityOrderedCustomizer> (0x0000000088441aa8) 
thrown [e:\jenkins\tmp\workspace\build\src\src\hotspot\share\classfile\systemDictionary.cpp, line 256]
Event: 1.404 Thread 0x0000014c1a6f3030 Exception <a 'java/lang/ClassNotFoundException'{0x0000000088444a98}: org/springframework/core/OrderedCustomizer> (0x0000000088444a98) 
thrown [e:\jenkins\tmp\workspace\build\src\src\hotspot\share\classfile\systemDictionary.cpp, line 256]
Event: 1.405 Thread 0x0000014c1a6f3030 Exception <a 'java/lang/ClassNotFoundException'{0x0000000088448b50}: org/springframework/context/ResourceLoaderAwareCustomizer> (0x0000000088448b50) 
thrown [e:\jenkins\tmp\workspace\build\src\src\hotspot\share\classfile\systemDictionary.cpp, line 256]
Event: 1.405 Thread 0x0000014c1a6f3030 Exception <a 'java/lang/ClassNotFoundException'{0x000000008844ce20}: org/springframework/beans/factory/AwareCustomizer> (0x000000008844ce20) 
thrown [e:\jenkins\tmp\workspace\build\src\src\hotspot\share\classfile\systemDictionary.cpp, line 256]
Event: 1.405 Thread 0x0000014c1a6f3030 Exception <a 'java/lang/ClassNotFoundException'{0x0000000088450060}: org/springframework/beans/factory/BeanClassLoaderAwareCustomizer> (0x0000000088450060) 
thrown [e:\jenkins\tmp\workspace\build\src\src\hotspot\share\classfile\systemDictionary.cpp, line 256]
Event: 1.406 Thread 0x0000014c1a6f3030 Exception <a 'java/lang/ClassNotFoundException'{0x0000000088454318}: org/springframework/beans/factory/AwareCustomizer> (0x0000000088454318) 
thrown [e:\jenkins\tmp\workspace\build\src\src\hotspot\share\classfile\systemDictionary.cpp, line 256]
Event: 1.406 Thread 0x0000014c1a6f3030 Exception <a 'java/lang/ClassNotFoundException'{0x000000008845d2e8}: org/springframework/context/EnvironmentAwareCustomizer> (0x000000008845d2e8) 
thrown [e:\jenkins\tmp\workspace\build\src\src\hotspot\share\classfile\systemDictionary.cpp, line 256]
Event: 1.406 Thread 0x0000014c1a6f3030 Exception <a 'java/lang/ClassNotFoundException'{0x0000000088461510}: org/springframework/beans/factory/AwareCustomizer> (0x0000000088461510) 
thrown [e:\jenkins\tmp\workspace\build\src\src\hotspot\share\classfile\systemDictionary.cpp, line 256]
Event: 1.513 Thread 0x0000014c1a6f3030 Exception <a 'java/lang/NoSuchMethodError'{0x00000000880c08e0}: 'int java.lang.invoke.DirectMethodHandle$Holder.invokeSpecialIFC(java.lang.Object, java.lang.Object, java.lang.Object, java.lang.Object)'> (0x00000000880c08e0) 
thrown [e:\jenkins\tmp\workspace\build\src\src\hotspot\share\interpreter\linkResolver.cpp, line 766]
Event: 1.594 Thread 0x0000014c1a6f3030 Exception <a 'java/lang/IncompatibleClassChangeError'{0x000000008950b728}: Found class java.lang.Object, but interface was expected> (0x000000008950b728) 
thrown [e:\jenkins\tmp\workspace\build\src\src\hotspot\share\interpreter\linkResolver.cpp, line 833]
Event: 1.625 Thread 0x0000014c1a6f3030 Exception <a 'java/lang/NoSuchMethodError'{0x000000008944c450}: 'void java.lang.invoke.DirectMethodHandle$Holder.invokeInterface(java.lang.Object, java.lang.Object, java.lang.Object, java.lang.Object)'> (0x000000008944c450) 
thrown [e:\jenkins\tmp\workspace\build\src\src\hotspot\share\interpreter\linkResolver.cpp, line 766]

VM Operations (20 events):
Event: 0.951 Executing VM operation: HandshakeAllThreads
Event: 0.951 Executing VM operation: HandshakeAllThreads done
Event: 1.045 Executing VM operation: HandshakeAllThreads
Event: 1.045 Executing VM operation: HandshakeAllThreads done
Event: 1.077 Executing VM operation: HandshakeAllThreads
Event: 1.077 Executing VM operation: HandshakeAllThreads done
Event: 1.089 Executing VM operation: HandshakeAllThreads
Event: 1.089 Executing VM operation: HandshakeAllThreads done
Event: 1.092 Executing VM operation: HandshakeAllThreads
Event: 1.092 Executing VM operation: HandshakeAllThreads done
Event: 1.361 Executing VM operation: HandshakeAllThreads
Event: 1.361 Executing VM operation: HandshakeAllThreads done
Event: 1.394 Executing VM operation: HandshakeAllThreads
Event: 1.394 Executing VM operation: HandshakeAllThreads done
Event: 1.423 Executing VM operation: HandshakeAllThreads
Event: 1.423 Executing VM operation: HandshakeAllThreads done
Event: 1.456 Executing VM operation: ICBufferFull
Event: 1.456 Executing VM operation: ICBufferFull done
Event: 1.519 Executing VM operation: G1CollectForAllocation
Event: 1.526 Executing VM operation: G1CollectForAllocation done

Events (20 events):
Event: 1.396 loading class com/sun/beans/introspect/PropertyInfo$Name
Event: 1.396 loading class com/sun/beans/introspect/PropertyInfo$Name done
Event: 1.397 loading class java/beans/GenericBeanInfo
Event: 1.397 loading class java/beans/SimpleBeanInfo
Event: 1.397 loading class java/beans/SimpleBeanInfo done
Event: 1.397 loading class java/beans/GenericBeanInfo done
Event: 1.398 loading class java/util/Hashtable$EntrySet
Event: 1.398 loading class java/util/Hashtable$EntrySet done
Event: 1.420 loading class java/net/SocketException
Event: 1.421 loading class java/net/SocketException done
Event: 1.433 loading class java/util/regex/Pattern$LazyLoop
Event: 1.433 loading class java/util/regex/Pattern$LazyLoop done
Event: 1.456 loading class java/lang/Deprecated
Event: 1.456 loading class java/lang/Deprecated done
Event: 1.534 loading class sun/security/provider/SHA
Event: 1.534 loading class sun/security/provider/SHA done
Event: 1.590 Thread 0x0000014c2a015080 Thread added: 0x0000014c2a015080
Event: 1.591 Thread 0x0000014c2a015080 Thread exited: 0x0000014c2a015080
Event: 1.595 loading class java/util/HashMap$KeySpliterator
Event: 1.595 loading class java/util/HashMap$KeySpliterator done


Dynamic libraries:
0x00007ff7821e0000 - 0x00007ff7821ee000 	c:\Users\user1\.vscode\extensions\redhat.java-1.4.0\jre\17.0.2-win32-x86_64\bin\java.exe
0x00007ff89c090000 - 0x00007ff89c285000 	C:\Windows\SYSTEM32\ntdll.dll
0x00007ff89ae50000 - 0x00007ff89af0e000 	C:\Windows\System32\KERNEL32.DLL
0x00007ff899a70000 - 0x00007ff899d38000 	C:\Windows\System32\KERNELBASE.dll
0x00007ff8997a0000 - 0x00007ff8998a0000 	C:\Windows\System32\ucrtbase.dll
0x00007ff892750000 - 0x00007ff892768000 	c:\Users\user1\.vscode\extensions\redhat.java-1.4.0\jre\17.0.2-win32-x86_64\bin\jli.dll
0x00007ff892730000 - 0x00007ff892749000 	c:\Users\user1\.vscode\extensions\redhat.java-1.4.0\jre\17.0.2-win32-x86_64\bin\VCRUNTIME140.dll
0x00007ff89a790000 - 0x00007ff89a930000 	C:\Windows\System32\USER32.dll
0x00007ff8874e0000 - 0x00007ff88777a000 	C:\Windows\WinSxS\amd64_microsoft.windows.common-controls_6595b64144ccf1df_6.0.19041.1110_none_60b5254171f9507e\COMCTL32.dll
0x00007ff899ef0000 - 0x00007ff899f12000 	C:\Windows\System32\win32u.dll
0x00007ff89aca0000 - 0x00007ff89ad3e000 	C:\Windows\System32\msvcrt.dll
0x00007ff89aaf0000 - 0x00007ff89ab1b000 	C:\Windows\System32\GDI32.dll
0x00007ff899fd0000 - 0x00007ff89a0dd000 	C:\Windows\System32\gdi32full.dll
0x00007ff899940000 - 0x00007ff8999dd000 	C:\Windows\System32\msvcp_win.dll
0x00007ff89ae20000 - 0x00007ff89ae50000 	C:\Windows\System32\IMM32.DLL
0x00007ff892720000 - 0x00007ff89272c000 	c:\Users\user1\.vscode\extensions\redhat.java-1.4.0\jre\17.0.2-win32-x86_64\bin\vcruntime140_1.dll
0x00007ff890bc0000 - 0x00007ff890c51000 	c:\Users\user1\.vscode\extensions\redhat.java-1.4.0\jre\17.0.2-win32-x86_64\bin\msvcp140.dll
0x00007ff822430000 - 0x00007ff823077000 	c:\Users\user1\.vscode\extensions\redhat.java-1.4.0\jre\17.0.2-win32-x86_64\bin\server\jvm.dll
0x00007ff89ab20000 - 0x00007ff89abce000 	C:\Windows\System32\ADVAPI32.dll
0x00007ff89a930000 - 0x00007ff89a9cc000 	C:\Windows\System32\sechost.dll
0x00007ff89bf20000 - 0x00007ff89c045000 	C:\Windows\System32\RPCRT4.dll
0x00007ff89b9a0000 - 0x00007ff89b9a8000 	C:\Windows\System32\PSAPI.DLL
0x00007ff883540000 - 0x00007ff883549000 	C:\Windows\SYSTEM32\WSOCK32.dll
0x00007ff880f90000 - 0x00007ff880fb7000 	C:\Windows\SYSTEM32\WINMM.dll
0x00007ff89af10000 - 0x00007ff89af7b000 	C:\Windows\System32\WS2_32.dll
0x00007ff896c00000 - 0x00007ff896c0a000 	C:\Windows\SYSTEM32\VERSION.dll
0x00007ff898010000 - 0x00007ff898022000 	C:\Windows\SYSTEM32\kernel.appcore.dll
0x00007ff892710000 - 0x00007ff89271a000 	c:\Users\user1\.vscode\extensions\redhat.java-1.4.0\jre\17.0.2-win32-x86_64\bin\jimage.dll
0x00007ff897d20000 - 0x00007ff897f04000 	C:\Windows\SYSTEM32\DBGHELP.DLL
0x00007ff883a70000 - 0x00007ff883a9c000 	C:\Windows\SYSTEM32\dbgcore.DLL
0x00007ff8999e0000 - 0x00007ff899a62000 	C:\Windows\System32\bcryptPrimitives.dll
0x00007ff890b90000 - 0x00007ff890bb5000 	c:\Users\user1\.vscode\extensions\redhat.java-1.4.0\jre\17.0.2-win32-x86_64\bin\java.dll
0x00007ff890b70000 - 0x00007ff890b88000 	c:\Users\user1\.vscode\extensions\redhat.java-1.4.0\jre\17.0.2-win32-x86_64\bin\zip.dll
0x00007ff89b1c0000 - 0x00007ff89b904000 	C:\Windows\System32\SHELL32.dll
0x00007ff897580000 - 0x00007ff897d14000 	C:\Windows\SYSTEM32\windows.storage.dll
0x00007ff89bb60000 - 0x00007ff89beb5000 	C:\Windows\System32\combase.dll
0x00007ff8991f0000 - 0x00007ff89921e000 	C:\Windows\SYSTEM32\Wldp.dll
0x00007ff89abd0000 - 0x00007ff89ac7d000 	C:\Windows\System32\SHCORE.dll
0x00007ff89afe0000 - 0x00007ff89b035000 	C:\Windows\System32\shlwapi.dll
0x00007ff8996e0000 - 0x00007ff8996ff000 	C:\Windows\SYSTEM32\profapi.dll
0x00007ff890b50000 - 0x00007ff890b69000 	C:\Users\user1\.vscode\extensions\redhat.java-1.4.0\jre\17.0.2-win32-x86_64\bin\net.dll
0x00007ff896c10000 - 0x00007ff896d1c000 	C:\Windows\SYSTEM32\WINHTTP.dll
0x00007ff898f50000 - 0x00007ff898fba000 	C:\Windows\system32\mswsock.dll
0x00007ff890b30000 - 0x00007ff890b45000 	C:\Users\user1\.vscode\extensions\redhat.java-1.4.0\jre\17.0.2-win32-x86_64\bin\nio.dll
0x00007ff890a60000 - 0x00007ff890a70000 	c:\Users\user1\.vscode\extensions\redhat.java-1.4.0\jre\17.0.2-win32-x86_64\bin\verify.dll
0x00007ff890fd0000 - 0x00007ff890fd9000 	C:\Users\user1\.vscode\extensions\redhat.java-1.4.0\jre\17.0.2-win32-x86_64\bin\management.dll
0x00007ff890fc0000 - 0x00007ff890fcb000 	C:\Users\user1\.vscode\extensions\redhat.java-1.4.0\jre\17.0.2-win32-x86_64\bin\management_ext.dll
0x00007ff87bfb0000 - 0x00007ff87bfc7000 	C:\Windows\system32\napinsp.dll
0x00007ff87bf90000 - 0x00007ff87bfab000 	C:\Windows\system32\pnrpnsp.dll
0x00007ff893b90000 - 0x00007ff893ba5000 	C:\Windows\system32\wshbth.dll
0x00007ff894950000 - 0x00007ff89496d000 	C:\Windows\system32\NLAapi.dll
0x00007ff898bf0000 - 0x00007ff898c2b000 	C:\Windows\SYSTEM32\IPHLPAPI.DLL
0x00007ff898c40000 - 0x00007ff898d0b000 	C:\Windows\SYSTEM32\DNSAPI.dll
0x00007ff89b9b0000 - 0x00007ff89b9b8000 	C:\Windows\System32\NSI.dll
0x00007ff87bf70000 - 0x00007ff87bf82000 	C:\Windows\System32\winrnr.dll
0x00007ff886d80000 - 0x00007ff886d8a000 	C:\Windows\System32\rasadhlp.dll
0x00007ff886f40000 - 0x00007ff886fbf000 	C:\Windows\System32\fwpuclnt.dll
0x00007ff899910000 - 0x00007ff899937000 	C:\Windows\System32\bcrypt.dll

dbghelp: loaded successfully - version: 4.0.5 - missing functions: none
symbol engine: initialized successfully - sym options: 0x614 - pdb path: .;c:\Users\user1\.vscode\extensions\redhat.java-1.4.0\jre\17.0.2-win32-x86_64\bin;C:\Windows\SYSTEM32;C:\Windows\WinSxS\amd64_microsoft.windows.common-controls_6595b64144ccf1df_6.0.19041.1110_none_60b5254171f9507e;c:\Users\user1\.vscode\extensions\redhat.java-1.4.0\jre\17.0.2-win32-x86_64\bin\server

VM Arguments:
jvm_args: -Dsts.lsp.client=vscode -Dsts.log.file=/dev/null -XX:TieredStopAtLevel=1 -Dspring.config.location=file:c:\Users\user1\.vscode\extensions\pivotal.vscode-spring-boot-1.32.0\language-server\BOOT-INF\classes\application.properties 
java_command: org.springframework.ide.vscode.boot.app.BootLanguageServerBootApp
java_class_path (initial): c:\Users\user1\.vscode\extensions\pivotal.vscode-spring-boot-1.32.0\language-server\BOOT-INF\classes;c:\Users\user1\.vscode\extensions\pivotal.vscode-spring-boot-1.32.0\language-server\BOOT-INF\lib\antlr4-runtime-4.5.3.jar;c:\Users\user1\.vscode\extensions\pivotal.vscode-spring-boot-1.32.0\language-server\BOOT-INF\lib\byte-buddy-1.10.18.jar;c:\Users\user1\.vscode\extensions\pivotal.vscode-spring-boot-1.32.0\language-server\BOOT-INF\lib\commons-codec-1.14.jar;c:\Users\user1\.vscode\extensions\pivotal.vscode-spring-boot-1.32.0\language-server\BOOT-INF\lib\commons-io-2.4.jar;c:\Users\user1\.vscode\extensions\pivotal.vscode-spring-boot-1.32.0\language-server\BOOT-INF\lib\commons-java-1.32.0-SNAPSHOT.jar;c:\Users\user1\.vscode\extensions\pivotal.vscode-spring-boot-1.32.0\language-server\BOOT-INF\lib\commons-lang3-3.10.jar;c:\Users\user1\.vscode\extensions\pivotal.vscode-spring-boot-1.32.0\language-server\BOOT-INF\lib\commons-language-server-1.32.0-SNAPSHOT.jar;c:\Users\user1\.vscode\extensions\pivotal.vscode-spring-boot-1.32.0\language-server\BOOT-INF\lib\commons-lsp-extensions-1.32.0-SNAPSHOT.jar;c:\Users\user1\.vscode\extensions\pivotal.vscode-spring-boot-1.32.0\language-server\BOOT-INF\lib\commons-util-1.32.0-SNAPSHOT.jar;c:\Users\user1\.vscode\extensions\pivotal.vscode-spring-boot-1.32.0\language-server\BOOT-INF\lib\commons-yaml-1.32.0-SNAPSHOT.jar;c:\Users\user1\.vscode\extensions\pivotal.vscode-spring-boot-1.32.0\language-server\BOOT-INF\lib\gson-2.8.6.jar;c:\Users\user1\.vscode\extensions\pivotal.vscode-spring-boot-1.32.0\language-server\BOOT-INF\lib\guava-19.0.jar;c:\Users\user1\.vscode\extensions\pivotal.vscode-spring-boot-1.32.0\language-server\BOOT-INF\lib\jakarta.annotation-api-1.3.5.jar;c:\Users\user1\.vscode\extensions\pivotal.vscode-spring-boot-1.32.0\language-server\BOOT-INF\lib\jandex-2.0.5.Final.jar;c:\Users\user1\.vscode\extensions\pivotal.vscode-spring-boot-1.32.0\language-server\BOOT-INF\lib\java-properties-1.32.0-SNAPSHO
Launcher Type: SUN_STANDARD

[Global flags]
     intx CICompilerCount                          = 3                                         {product} {ergonomic}
     uint ConcGCThreads                            = 1                                         {product} {ergonomic}
     uint G1ConcRefinementThreads                  = 4                                         {product} {ergonomic}
   size_t G1HeapRegionSize                         = 1048576                                   {product} {ergonomic}
    uintx GCDrainStackTargetSize                   = 64                                        {product} {ergonomic}
   size_t InitialHeapSize                          = 134217728                                 {product} {ergonomic}
   size_t MarkStackSize                            = 4194304                                   {product} {ergonomic}
   size_t MaxHeapSize                              = 2120220672                                {product} {ergonomic}
   size_t MaxNewSize                               = 1271922688                                {product} {ergonomic}
   size_t MinHeapDeltaBytes                        = 1048576                                   {product} {ergonomic}
   size_t MinHeapSize                              = 8388608                                   {product} {ergonomic}
    uintx NonProfiledCodeHeapSize                  = 0                                      {pd product} {ergonomic}
     bool ProfileInterpreter                       = false                                  {pd product} {command line}
    uintx ProfiledCodeHeapSize                     = 0                                      {pd product} {ergonomic}
   size_t SoftMaxHeapSize                          = 2120220672                             {manageable} {ergonomic}
     intx TieredStopAtLevel                        = 1                                         {product} {command line}
     bool UseCompressedClassPointers               = true                           {product lp64_product} {ergonomic}
     bool UseCompressedOops                        = true                           {product lp64_product} {ergonomic}
     bool UseG1GC                                  = true                                      {product} {ergonomic}
     bool UseLargePagesIndividualAllocation        = false                                  {pd product} {ergonomic}

Logging:
Log output configuration:
 #0: stdout all=warning uptime,level,tags
 #1: stderr all=off uptime,level,tags

Environment Variables:
JAVA_HOME=C:\Program Files\Java\jdk1.8.0_321
PATH=C:\Program Files (x86)\Common Files\Oracle\Java\javapath;C:\Windows\system32;C:\Windows;C:\Windows\System32\Wbem;C:\Windows\System32\WindowsPowerShell\v1.0\;C:\Windows\System32\OpenSSH\;C:\Program Files\Git\cmd;C:\flutter\bin;C:\Program Files\Cloudflare\Cloudflare WARP\;C:\Program Files\nodejs\;C:\ProgramData\chocolatey\bin;C:\maven\bin;C:\Program Files\Java\jdk1.8.0_321\bin;C:\Users\user1\AppData\Local\Microsoft\WindowsApps;;C:\Users\user1\AppData\Local\Programs\Microsoft VS Code\bin;C:\Users\user1\AppData\Roaming\npm
USERNAME=user1
OS=Windows_NT
PROCESSOR_IDENTIFIER=Intel64 Family 6 Model 78 Stepping 3, GenuineIntel



---------------  S Y S T E M  ---------------

OS:
 Windows 10 , 64 bit Build 19041 (10.0.19041.1503)
OS uptime: 3 days 16:46 hours

CPU: total 4 (initial active 4) (2 cores per cpu, 2 threads per core) family 6 model 78 stepping 3 microcode 0xea, cx8, cmov, fxsr, ht, mmx, 3dnowpref, sse, sse2, sse3, ssse3, sse4.1, sse4.2, popcnt, lzcnt, tsc, tscinvbit, avx, avx2, aes, erms, clmul, bmi1, bmi2, rtm, adx, fma, vzeroupper, clflush, clflushopt

Memory: 4k page, system-wide physical 8083M (1212M free)
TotalPageFile size 15000M (AvailPageFile size 0M)
current process WorkingSet (physical memory assigned to process): 94M, peak: 94M
current process commit charge ("private bytes"): 218M, peak: 218M

vm_info: OpenJDK 64-Bit Server VM (17.0.2+8) for windows-amd64 JRE (17.0.2+8), built on Jan 20 2022 04:52:34 by "" with MS VC++ 16.7 (VS2019)

END.
