#
# There is insufficient memory for the Java Runtime Environment to continue.
# Native memory allocation (malloc) failed to allocate 2097152 bytes for AllocateHeap
# Possible reasons:
#   The system is out of physical RAM or swap space
#   The process is running with CompressedOops enabled, and the Java Heap may be blocking the growth of the native heap
# Possible solutions:
#   Reduce memory load on the system
#   Increase physical memory or swap space
#   Check if swap backing store is full
#   Decrease Java heap size (-Xmx/-Xms)
#   Decrease number of Java threads
#   Decrease Java thread stack sizes (-Xss)
#   Set larger code cache with -XX:ReservedCodeCacheSize=
#   JVM is running with Unscaled Compressed Oops mode in which the Java heap is
#     placed in the first 4GB address space. The Java Heap base address is the
#     maximum limit for the native heap growth. Please use -XX:HeapBaseMinAddress
#     to set the Java Heap base and to place the Java Heap above 4GB virtual address.
# This output file may be truncated or incomplete.
#
#  Out of Memory Error (allocation.cpp:44), pid=13060, tid=592
#
# JRE version: OpenJDK Runtime Environment Temurin-17.0.2+8 (17.0.2+8) (build 17.0.2+8)
# Java VM: OpenJDK 64-Bit Server VM Temurin-17.0.2+8 (17.0.2+8, mixed mode, emulated-client, tiered, compressed oops, compressed class ptrs, g1 gc, windows-amd64)
# No core dump will be written. Minidumps are not enabled by default on client versions of Windows
#

---------------  S U M M A R Y ------------

Command Line: -Dsts.lsp.client=vscode -Dsts.log.file=/dev/null -XX:TieredStopAtLevel=1 -Dspring.config.location=file:c:\Users\user1\.vscode\extensions\pivotal.vscode-spring-boot-1.32.0\language-server\BOOT-INF\classes\application.properties org.springframework.ide.vscode.boot.app.BootLanguageServerBootApp

Host: Intel(R) Core(TM) i5-6300U CPU @ 2.40GHz, 4 cores, 7G,  Windows 10 , 64 bit Build 19041 (10.0.19041.1503)
Time: Tue Mar 22 14:00:47 2022 Cuba Daylight Time elapsed time: 11522.610368 seconds (0d 3h 12m 2s)

---------------  T H R E A D  ---------------

Current thread (0x0000028434960b00):  VMThread "VM Thread" [stack: 0x000000f1c6500000,0x000000f1c6600000] [id=592]

Stack: [0x000000f1c6500000,0x000000f1c6600000]
Native frames: (J=compiled Java code, j=interpreted, Vv=VM code, C=native code)
V  [jvm.dll+0x67564a]
V  [jvm.dll+0x82fc04]
V  [jvm.dll+0x8313ae]
V  [jvm.dll+0x831a13]
V  [jvm.dll+0x245235]
V  [jvm.dll+0xa6393]
V  [jvm.dll+0x2f52c1]
V  [jvm.dll+0x2f0f70]
V  [jvm.dll+0x2d96c7]
V  [jvm.dll+0x31c6b7]
V  [jvm.dll+0x835ebb]
V  [jvm.dll+0x836bf4]
V  [jvm.dll+0x83710c]
V  [jvm.dll+0x8374e4]
V  [jvm.dll+0x8375b0]
V  [jvm.dll+0x7dff2a]
V  [jvm.dll+0x6744d5]
C  [ucrtbase.dll+0x21bb2]
C  [KERNEL32.DLL+0x17034]
C  [ntdll.dll+0x52651]

VM_Operation (0x000000f1c76fe910): G1CollectFull, mode: safepoint, requested by thread 0x00000284378aff30


---------------  P R O C E S S  ---------------

Threads class SMR info:
_java_thread_list=0x00000284383e3be0, length=23, elements={
0x000002843497b760, 0x000002843497c310, 0x00000284349b9130, 0x00000284349bd000,
0x00000284349bd9b0, 0x00000284349be360, 0x00000284349bed10, 0x000002843540c820,
0x000002843552aa40, 0x0000028435533380, 0x00000284378aff30, 0x0000028435584050,
0x0000028427df22c0, 0x0000028437911610, 0x00000284378e7000, 0x00000284378ac5f0,
0x0000028435ad7e50, 0x0000028435ad8c00, 0x0000028437aa2f30, 0x0000028437aa3da0,
0x0000028437aa38d0, 0x0000028437aa4270, 0x0000028437aa4740
}

Java Threads: ( => current thread )
  0x000002843497b760 JavaThread "Reference Handler" daemon [_thread_blocked, id=13316, stack(0x000000f1c6600000,0x000000f1c6700000)]
  0x000002843497c310 JavaThread "Finalizer" daemon [_thread_blocked, id=4536, stack(0x000000f1c6700000,0x000000f1c6800000)]
  0x00000284349b9130 JavaThread "Signal Dispatcher" daemon [_thread_blocked, id=14048, stack(0x000000f1c6800000,0x000000f1c6900000)]
  0x00000284349bd000 JavaThread "Attach Listener" daemon [_thread_blocked, id=9076, stack(0x000000f1c6900000,0x000000f1c6a00000)]
  0x00000284349bd9b0 JavaThread "Service Thread" daemon [_thread_blocked, id=12992, stack(0x000000f1c6a00000,0x000000f1c6b00000)]
  0x00000284349be360 JavaThread "Monitor Deflation Thread" daemon [_thread_blocked, id=7788, stack(0x000000f1c6b00000,0x000000f1c6c00000)]
  0x00000284349bed10 JavaThread "C1 CompilerThread0" daemon [_thread_blocked, id=7324, stack(0x000000f1c6c00000,0x000000f1c6d00000)]
  0x000002843540c820 JavaThread "Sweeper thread" daemon [_thread_blocked, id=12916, stack(0x000000f1c6d00000,0x000000f1c6e00000)]
  0x000002843552aa40 JavaThread "Notification Thread" daemon [_thread_blocked, id=5752, stack(0x000000f1c7000000,0x000000f1c7100000)]
  0x0000028435533380 JavaThread "Common-Cleaner" daemon [_thread_blocked, id=10576, stack(0x000000f1c7200000,0x000000f1c7300000)]
  0x00000284378aff30 JavaThread "pool-5-thread-1" [_thread_blocked, id=12660, stack(0x000000f1c7600000,0x000000f1c7700000)]
  0x0000028435584050 JavaThread "LanguageServerApp-lifecycle" [_thread_blocked, id=6588, stack(0x000000f1c7700000,0x000000f1c7800000)]
  0x0000028427df22c0 JavaThread "DestroyJavaVM" [_thread_blocked, id=5156, stack(0x000000f1c5f00000,0x000000f1c6000000)]
  0x0000028437911610 JavaThread "pool-6-thread-1" [_thread_in_native, id=2876, stack(0x000000f1c7800000,0x000000f1c7900000)]
  0x00000284378e7000 JavaThread "Simple-Language-Server main thread" daemon [_thread_blocked, id=5264, stack(0x000000f1c7900000,0x000000f1c7a00000)]
  0x00000284378ac5f0 JavaThread "pool-7-thread-1" [_thread_blocked, id=11692, stack(0x000000f1c7a00000,0x000000f1c7b00000)]
  0x0000028435ad7e50 JavaThread "pool-4-thread-1" [_thread_blocked, id=10360, stack(0x000000f1c7b00000,0x000000f1c7c00000)]
  0x0000028435ad8c00 JavaThread "Reconciler-1" [_thread_blocked, id=13776, stack(0x000000f1c7c00000,0x000000f1c7d00000)]
  0x0000028437aa2f30 JavaThread "parallel-1" daemon [_thread_blocked, id=6728, stack(0x000000f1c7f00000,0x000000f1c8000000)]
  0x0000028437aa3da0 JavaThread "pool-2-thread-1" [_thread_blocked, id=12548, stack(0x000000f1c8100000,0x000000f1c8200000)]
  0x0000028437aa38d0 JavaThread "ForkJoinPool.commonPool-worker-7" daemon [_thread_in_native, id=12712, stack(0x000000f1c5c00000,0x000000f1c5d00000)]
  0x0000028437aa4270 JavaThread "ForkJoinPool.commonPool-worker-8" daemon [_thread_in_native, id=17156, stack(0x000000f1c5d00000,0x000000f1c5e00000)]
  0x0000028437aa4740 JavaThread "ForkJoinPool.commonPool-worker-9" daemon [_thread_in_native, id=16360, stack(0x000000f1c5e00000,0x000000f1c5f00000)]

Other Threads:
=>0x0000028434960b00 VMThread "VM Thread" [stack: 0x000000f1c6500000,0x000000f1c6600000] [id=592]
  0x000002843552af10 WatcherThread [stack: 0x000000f1c7100000,0x000000f1c7200000] [id=3204]
  0x0000028427e32db0 GCTaskThread "GC Thread#0" [stack: 0x000000f1c6000000,0x000000f1c6100000] [id=9404]
  0x0000028435baddb0 GCTaskThread "GC Thread#1" [stack: 0x000000f1c7300000,0x000000f1c7400000] [id=11816]
  0x0000028435bae060 GCTaskThread "GC Thread#2" [stack: 0x000000f1c7400000,0x000000f1c7500000] [id=15232]
  0x0000028435bce240 GCTaskThread "GC Thread#3" [stack: 0x000000f1c7500000,0x000000f1c7600000] [id=14200]
  0x0000028427e43850 ConcurrentGCThread "G1 Main Marker" [stack: 0x000000f1c6100000,0x000000f1c6200000] [id=13632]
  0x0000028427e45110 ConcurrentGCThread "G1 Conc#0" [stack: 0x000000f1c6200000,0x000000f1c6300000] [id=11388]
  0x0000028427eba920 ConcurrentGCThread "G1 Refine#0" [stack: 0x000000f1c6300000,0x000000f1c6400000] [id=11844]
  0x0000028427ebc1f0 ConcurrentGCThread "G1 Service" [stack: 0x000000f1c6400000,0x000000f1c6500000] [id=13868]

Threads with active compile tasks:

VM state: at safepoint (normal execution)

VM Mutex/Monitor currently owned by a thread:  ([mutex/lock_event])
[0x0000028425d37e70] Threads_lock - owner thread: 0x0000028434960b00
[0x0000028427def720] Heap_lock - owner thread: 0x00000284378aff30

Heap address: 0x0000000081a00000, size: 2022 MB, Compressed Oops mode: 32-bit

CDS archive(s) not mapped
Compressed class space mapped at: 0x0000000100000000-0x0000000140000000, reserved size: 1073741824
Narrow klass base: 0x0000000000000000, Narrow klass shift: 3, Narrow klass range: 0x140000000

GC Precious Log:
 CPUs: 4 total, 4 available
 Memory: 8083M
 Large Page Support: Disabled
 NUMA Support: Disabled
 Compressed Oops: Enabled (32-bit)
 Heap Region Size: 1M
 Heap Min Capacity: 8M
 Heap Initial Capacity: 128M
 Heap Max Capacity: 2022M
 Pre-touch: Disabled
 Parallel Workers: 4
 Concurrent Workers: 1
 Concurrent Refinement Workers: 4
 Periodic GC: Disabled

Heap:
 garbage-first heap   total 77824K, used 25288K [0x0000000081a00000, 0x0000000100000000)
  region size 1024K, 3 young (3072K), 0 survivors (0K)
 Metaspace       used 38508K, committed 38976K, reserved 1089536K
  class space    used 4845K, committed 4992K, reserved 1048576K

Heap Regions: E=young(eden), S=young(survivor), O=old, HS=humongous(starts), HC=humongous(continues), CS=collection set, F=free, OA=open archive, CA=closed archive, TAMS=top-at-mark-start (previous, next)
|   0|0x0000000081a00000, 0x0000000081b00000, 0x0000000081b00000|100%| O|  |TAMS 0x0000000081b00000, 0x0000000081a00000| Untracked 
|   1|0x0000000081b00000, 0x0000000081c00000, 0x0000000081c00000|100%| O|  |TAMS 0x0000000081c00000, 0x0000000081b00000| Untracked 
|   2|0x0000000081c00000, 0x0000000081cffff8, 0x0000000081d00000| 99%| O|  |TAMS 0x0000000081cffff8, 0x0000000081c00000| Untracked 
|   3|0x0000000081d00000, 0x0000000081dfffe8, 0x0000000081e00000| 99%| O|  |TAMS 0x0000000081dfffe8, 0x0000000081d00000| Untracked 
|   4|0x0000000081e00000, 0x0000000081effff8, 0x0000000081f00000| 99%| O|  |TAMS 0x0000000081effff8, 0x0000000081e00000| Untracked 
|   5|0x0000000081f00000, 0x0000000082000000, 0x0000000082000000|100%| O|  |TAMS 0x0000000082000000, 0x0000000081f00000| Untracked 
|   6|0x0000000082000000, 0x00000000820ffff8, 0x0000000082100000| 99%| O|  |TAMS 0x00000000820ffff8, 0x0000000082000000| Untracked 
|   7|0x0000000082100000, 0x00000000821ffff0, 0x0000000082200000| 99%| O|  |TAMS 0x00000000821ffff0, 0x0000000082100000| Untracked 
|   8|0x0000000082200000, 0x00000000822fdc18, 0x0000000082300000| 99%| O|  |TAMS 0x00000000822fdc18, 0x0000000082200000| Untracked 
|   9|0x0000000082300000, 0x00000000823fffd0, 0x0000000082400000| 99%| O|  |TAMS 0x00000000823fffd0, 0x0000000082300000| Untracked 
|  10|0x0000000082400000, 0x0000000082500000, 0x0000000082500000|100%| O|  |TAMS 0x0000000082500000, 0x0000000082400000| Untracked 
|  11|0x0000000082500000, 0x00000000825ffff0, 0x0000000082600000| 99%| O|  |TAMS 0x00000000825ffff0, 0x0000000082500000| Untracked 
|  12|0x0000000082600000, 0x00000000826ff758, 0x0000000082700000| 99%| O|  |TAMS 0x00000000826ff758, 0x0000000082600000| Untracked 
|  13|0x0000000082700000, 0x00000000827f4320, 0x0000000082800000| 95%| O|  |TAMS 0x00000000827f4320, 0x0000000082700000| Untracked 
|  14|0x0000000082800000, 0x0000000082900000, 0x0000000082900000|100%|HS|  |TAMS 0x0000000082900000, 0x0000000082800000| Untracked 
|  15|0x0000000082900000, 0x0000000082a00000, 0x0000000082a00000|100%|HC|  |TAMS 0x0000000082a00000, 0x0000000082900000| Untracked 
|  16|0x0000000082a00000, 0x0000000082b00000, 0x0000000082b00000|100%|HS|  |TAMS 0x0000000082b00000, 0x0000000082a00000| Untracked 
|  17|0x0000000082b00000, 0x0000000082bc1138, 0x0000000082c00000| 75%| O|  |TAMS 0x0000000082b00000, 0x0000000082b00000| Untracked 
|  18|0x0000000082c00000, 0x0000000082c00e90, 0x0000000082d00000|  0%| O|  |TAMS 0x0000000082c00000, 0x0000000082c00000| Untracked 
|  19|0x0000000082d00000, 0x0000000082e00000, 0x0000000082e00000|100%|HS|  |TAMS 0x0000000082e00000, 0x0000000082d00000| Untracked 
|  20|0x0000000082e00000, 0x0000000082efeac8, 0x0000000082f00000| 99%| O|  |TAMS 0x0000000082efeac8, 0x0000000082e00000| Untracked 
|  21|0x0000000082f00000, 0x0000000082f00000, 0x0000000083000000|  0%| F|  |TAMS 0x0000000082f00000, 0x0000000082f00000| Untracked 
|  22|0x0000000083000000, 0x0000000083000000, 0x0000000083100000|  0%| F|  |TAMS 0x0000000083000000, 0x0000000083000000| Untracked 
|  23|0x0000000083100000, 0x00000000831fffe8, 0x0000000083200000| 99%| O|  |TAMS 0x00000000831fffe8, 0x0000000083100000| Untracked 
|  24|0x0000000083200000, 0x0000000083300000, 0x0000000083300000|100%| O|  |TAMS 0x0000000083300000, 0x0000000083200000| Untracked 
|  25|0x0000000083300000, 0x0000000083400000, 0x0000000083400000|100%| O|  |TAMS 0x0000000083400000, 0x0000000083300000| Untracked 
|  26|0x0000000083400000, 0x0000000083400000, 0x0000000083500000|  0%| F|  |TAMS 0x0000000083400000, 0x0000000083400000| Untracked 
|  27|0x0000000083500000, 0x0000000083500000, 0x0000000083600000|  0%| F|  |TAMS 0x0000000083500000, 0x0000000083500000| Untracked 
|  28|0x0000000083600000, 0x0000000083600000, 0x0000000083700000|  0%| F|  |TAMS 0x0000000083600000, 0x0000000083600000| Untracked 
|  29|0x0000000083700000, 0x0000000083700000, 0x0000000083800000|  0%| F|  |TAMS 0x0000000083700000, 0x0000000083700000| Untracked 
|  30|0x0000000083800000, 0x0000000083800000, 0x0000000083900000|  0%| F|  |TAMS 0x0000000083800000, 0x0000000083800000| Untracked 
|  31|0x0000000083900000, 0x0000000083900000, 0x0000000083a00000|  0%| F|  |TAMS 0x0000000083900000, 0x0000000083900000| Untracked 
|  32|0x0000000083a00000, 0x0000000083a00000, 0x0000000083b00000|  0%| F|  |TAMS 0x0000000083a00000, 0x0000000083a00000| Untracked 
|  33|0x0000000083b00000, 0x0000000083b00000, 0x0000000083c00000|  0%| F|  |TAMS 0x0000000083b00000, 0x0000000083b00000| Untracked 
|  34|0x0000000083c00000, 0x0000000083c00000, 0x0000000083d00000|  0%| F|  |TAMS 0x0000000083c00000, 0x0000000083c00000| Untracked 
|  35|0x0000000083d00000, 0x0000000083d00000, 0x0000000083e00000|  0%| F|  |TAMS 0x0000000083d00000, 0x0000000083d00000| Untracked 
|  36|0x0000000083e00000, 0x0000000083e00000, 0x0000000083f00000|  0%| F|  |TAMS 0x0000000083e00000, 0x0000000083e00000| Untracked 
|  37|0x0000000083f00000, 0x0000000083f00000, 0x0000000084000000|  0%| F|  |TAMS 0x0000000083f00000, 0x0000000083f00000| Untracked 
|  38|0x0000000084000000, 0x0000000084000000, 0x0000000084100000|  0%| F|  |TAMS 0x0000000084000000, 0x0000000084000000| Untracked 
|  39|0x0000000084100000, 0x0000000084100000, 0x0000000084200000|  0%| F|  |TAMS 0x0000000084100000, 0x0000000084100000| Untracked 
|  40|0x0000000084200000, 0x0000000084200000, 0x0000000084300000|  0%| F|  |TAMS 0x0000000084200000, 0x0000000084200000| Untracked 
|  41|0x0000000084300000, 0x0000000084300000, 0x0000000084400000|  0%| F|  |TAMS 0x0000000084300000, 0x0000000084300000| Untracked 
|  42|0x0000000084400000, 0x0000000084400000, 0x0000000084500000|  0%| F|  |TAMS 0x0000000084400000, 0x0000000084400000| Untracked 
|  43|0x0000000084500000, 0x0000000084500000, 0x0000000084600000|  0%| F|  |TAMS 0x0000000084500000, 0x0000000084500000| Untracked 
|  44|0x0000000084600000, 0x0000000084600000, 0x0000000084700000|  0%| F|  |TAMS 0x0000000084600000, 0x0000000084600000| Untracked 
|  45|0x0000000084700000, 0x0000000084700000, 0x0000000084800000|  0%| F|  |TAMS 0x0000000084700000, 0x0000000084700000| Untracked 
|  46|0x0000000084800000, 0x0000000084800000, 0x0000000084900000|  0%| F|  |TAMS 0x0000000084800000, 0x0000000084800000| Untracked 
|  47|0x0000000084900000, 0x0000000084900000, 0x0000000084a00000|  0%| F|  |TAMS 0x0000000084900000, 0x0000000084900000| Untracked 
|  48|0x0000000084a00000, 0x0000000084a00000, 0x0000000084b00000|  0%| F|  |TAMS 0x0000000084a00000, 0x0000000084a00000| Untracked 
|  49|0x0000000084b00000, 0x0000000084b00000, 0x0000000084c00000|  0%| F|  |TAMS 0x0000000084b00000, 0x0000000084b00000| Untracked 
|  50|0x0000000084c00000, 0x0000000084c00000, 0x0000000084d00000|  0%| F|  |TAMS 0x0000000084c00000, 0x0000000084c00000| Untracked 
|  51|0x0000000084d00000, 0x0000000084d00000, 0x0000000084e00000|  0%| F|  |TAMS 0x0000000084d00000, 0x0000000084d00000| Untracked 
|  52|0x0000000084e00000, 0x0000000084e00000, 0x0000000084f00000|  0%| F|  |TAMS 0x0000000084e00000, 0x0000000084e00000| Untracked 
|  53|0x0000000084f00000, 0x0000000084f00000, 0x0000000085000000|  0%| F|  |TAMS 0x0000000084f00000, 0x0000000084f00000| Untracked 
|  54|0x0000000085000000, 0x0000000085000000, 0x0000000085100000|  0%| F|  |TAMS 0x0000000085000000, 0x0000000085000000| Untracked 
|  55|0x0000000085100000, 0x0000000085100000, 0x0000000085200000|  0%| F|  |TAMS 0x0000000085100000, 0x0000000085100000| Untracked 
|  56|0x0000000085200000, 0x0000000085200000, 0x0000000085300000|  0%| F|  |TAMS 0x0000000085200000, 0x0000000085200000| Untracked 
|  57|0x0000000085300000, 0x0000000085300000, 0x0000000085400000|  0%| F|  |TAMS 0x0000000085300000, 0x0000000085300000| Untracked 
|  58|0x0000000085400000, 0x0000000085400000, 0x0000000085500000|  0%| F|  |TAMS 0x0000000085400000, 0x0000000085400000| Untracked 
|  59|0x0000000085500000, 0x0000000085500000, 0x0000000085600000|  0%| F|  |TAMS 0x0000000085500000, 0x0000000085500000| Untracked 
|  60|0x0000000085600000, 0x0000000085600000, 0x0000000085700000|  0%| F|  |TAMS 0x0000000085600000, 0x0000000085600000| Untracked 
|  61|0x0000000085700000, 0x0000000085700000, 0x0000000085800000|  0%| F|  |TAMS 0x0000000085700000, 0x0000000085700000| Untracked 
|  62|0x0000000085800000, 0x0000000085800000, 0x0000000085900000|  0%| F|  |TAMS 0x0000000085800000, 0x0000000085800000| Untracked 
|  63|0x0000000085900000, 0x0000000085900000, 0x0000000085a00000|  0%| F|  |TAMS 0x0000000085900000, 0x0000000085900000| Untracked 
|  64|0x0000000085a00000, 0x0000000085a00000, 0x0000000085b00000|  0%| F|  |TAMS 0x0000000085a00000, 0x0000000085a00000| Untracked 
|  65|0x0000000085b00000, 0x0000000085b00000, 0x0000000085c00000|  0%| F|  |TAMS 0x0000000085b00000, 0x0000000085b00000| Untracked 
|  66|0x0000000085c00000, 0x0000000085c00000, 0x0000000085d00000|  0%| F|  |TAMS 0x0000000085c00000, 0x0000000085c00000| Untracked 
|  67|0x0000000085d00000, 0x0000000085d00000, 0x0000000085e00000|  0%| F|  |TAMS 0x0000000085d00000, 0x0000000085d00000| Untracked 
|  68|0x0000000085e00000, 0x0000000085e00000, 0x0000000085f00000|  0%| F|  |TAMS 0x0000000085e00000, 0x0000000085e00000| Untracked 
|  69|0x0000000085f00000, 0x0000000085f00000, 0x0000000086000000|  0%| F|  |TAMS 0x0000000085f00000, 0x0000000085f00000| Untracked 
| 111|0x0000000088900000, 0x0000000088900000, 0x0000000088a00000|  0%| F|  |TAMS 0x0000000088900000, 0x0000000088900000| Untracked 
| 112|0x0000000088a00000, 0x0000000088a00000, 0x0000000088b00000|  0%| F|  |TAMS 0x0000000088a00000, 0x0000000088a00000| Untracked 
| 113|0x0000000088b00000, 0x0000000088b00000, 0x0000000088c00000|  0%| F|  |TAMS 0x0000000088b00000, 0x0000000088b00000| Untracked 
| 114|0x0000000088c00000, 0x0000000088c1b6b0, 0x0000000088d00000| 10%| E|  |TAMS 0x0000000088c00000, 0x0000000088c00000| Complete 
| 115|0x0000000088d00000, 0x0000000088e00000, 0x0000000088e00000|100%| E|CS|TAMS 0x0000000088d00000, 0x0000000088d00000| Complete 
| 127|0x0000000089900000, 0x0000000089a00000, 0x0000000089a00000|100%| E|CS|TAMS 0x0000000089900000, 0x0000000089900000| Complete 

Card table byte_map: [0x000002842de80000,0x000002842e280000] _byte_map_base: 0x000002842da73000

Marking Bits (Prev, Next): (CMBitMap*) 0x0000028427e332a0, (CMBitMap*) 0x0000028427e33260
 Prev Bits: [0x0000028430620000, 0x00000284325b8000)
 Next Bits: [0x000002842e680000, 0x0000028430618000)

Polling page: 0x00000284275d0000

Metaspace:

Usage:
  Non-class:     32.87 MB used.
      Class:      4.73 MB used.
       Both:     37.61 MB used.

Virtual space:
  Non-class space:       40.00 MB reserved,      33.19 MB ( 83%) committed,  5 nodes.
      Class space:        1.00 GB reserved,       4.88 MB ( <1%) committed,  1 nodes.
             Both:        1.04 GB reserved,      38.06 MB (  4%) committed. 

Chunk freelists:
   Non-Class:  2.54 MB
       Class:  3.19 MB
        Both:  5.74 MB

MaxMetaspaceSize: unlimited
CompressedClassSpaceSize: 1.00 GB
Initial GC threshold: 21.00 MB
Current GC threshold: 63.44 MB
CDS: off
MetaspaceReclaimPolicy: balanced
 - commit_granule_bytes: 65536.
 - commit_granule_words: 8192.
 - virtual_space_node_default_size: 1048576.
 - enlarge_chunks_in_place: 1.
 - new_chunks_are_fully_committed: 0.
 - uncommit_free_chunks: 1.
 - use_allocation_guard: 0.
 - handle_deallocations: 1.


Internal statistics:

num_allocs_failed_limit: 6.
num_arena_births: 376.
num_arena_deaths: 132.
num_vsnodes_births: 6.
num_vsnodes_deaths: 0.
num_space_committed: 609.
num_space_uncommitted: 0.
num_chunks_returned_to_freelist: 149.
num_chunks_taken_from_freelist: 1517.
num_chunk_merges: 51.
num_chunk_splits: 1050.
num_chunks_enlarged: 813.
num_purges: 10.
num_inconsistent_stats: 0.

CodeCache: size=49152Kb used=9265Kb max_used=10188Kb free=39887Kb
 bounds [0x000002842aa80000, 0x000002842b4b0000, 0x000002842da80000]
 total_blobs=5328 nmethods=4777 adapters=477
 compilation: enabled
              stopped_count=0, restarted_count=0
 full_count=0

Compilation events (20 events):
Event: 10077.078 Thread 0x00000284349bed10 4770       1       java.text.DecimalFormatSymbols::getGroupingSeparator (5 bytes)
Event: 10077.078 Thread 0x00000284349bed10 nmethod 4770 0x000002842ab98990 code [0x000002842ab98b20, 0x000002842ab98bf8]
Event: 10077.078 Thread 0x00000284349bed10 4772       1       java.text.DecimalFormat::append (94 bytes)
Event: 10077.089 Thread 0x00000284349bed10 nmethod 4772 0x000002842ab98110 code [0x000002842ab982c0, 0x000002842ab98688]
Event: 10077.089 Thread 0x00000284349bed10 4771       1       java.text.DecimalFormatSymbols::getDecimalSeparator (5 bytes)
Event: 10077.089 Thread 0x00000284349bed10 nmethod 4771 0x000002842ab97e10 code [0x000002842ab97fa0, 0x000002842ab98078]
Event: 10097.160 Thread 0x00000284349bed10 4773       1       java.util.concurrent.ForkJoinTask::<init> (5 bytes)
Event: 10097.161 Thread 0x00000284349bed10 nmethod 4773 0x000002842ab97b10 code [0x000002842ab97ca0, 0x000002842ab97d58]
Event: 10147.500 Thread 0x00000284349bed10 4774       1       java.lang.invoke.ClassSpecializer$SpeciesData::getterFunctions (5 bytes)
Event: 10147.500 Thread 0x00000284349bed10 nmethod 4774 0x000002842ab97810 code [0x000002842ab979a0, 0x000002842ab97a78]
Event: 10147.519 Thread 0x00000284349bed10 4775       1       java.lang.invoke.LambdaForm::<init> (115 bytes)
Event: 10147.523 Thread 0x00000284349bed10 nmethod 4775 0x000002842ab97110 code [0x000002842ab972e0, 0x000002842ab97608]
Event: 10147.523 Thread 0x00000284349bed10 4776       1       java.lang.invoke.LambdaForm::fixResult (31 bytes)
Event: 10147.524 Thread 0x00000284349bed10 nmethod 4776 0x000002842ab96d90 code [0x000002842ab96f20, 0x000002842ab97038]
Event: 10147.524 Thread 0x00000284349bed10 4777   !   1       java.lang.invoke.LambdaForm::compileToBytecode (164 bytes)
Event: 10147.528 Thread 0x00000284349bed10 nmethod 4777 0x000002842ab95d10 code [0x000002842ab95f80, 0x000002842ab967a8]
Event: 10147.528 Thread 0x00000284349bed10 4778       1       java.lang.invoke.InvokerBytecodeGenerator::generateCustomizedCode (34 bytes)
Event: 10147.531 Thread 0x00000284349bed10 nmethod 4778 0x000002842ab95490 code [0x000002842ab956a0, 0x000002842ab95a98]
Event: 10147.531 Thread 0x00000284349bed10 4779       1       java.lang.invoke.InvokerBytecodeGenerator::lookupPregenerated (291 bytes)
Event: 10147.535 Thread 0x00000284349bed10 nmethod 4779 0x000002842ab94310 code [0x000002842ab945e0, 0x000002842ab94f88]

GC Heap History (20 events):
Event: 11419.708 GC heap before
{Heap before GC invocations=1127 (full 1111):
 garbage-first heap   total 77824K, used 25288K [0x0000000081a00000, 0x0000000100000000)
  region size 1024K, 3 young (3072K), 0 survivors (0K)
 Metaspace       used 38508K, committed 38976K, reserved 1089536K
  class space    used 4845K, committed 4992K, reserved 1048576K
}
Event: 11419.731 GC heap after
{Heap after GC invocations=1128 (full 1112):
 garbage-first heap   total 77824K, used 23240K [0x0000000081a00000, 0x0000000100000000)
  region size 1024K, 0 young (0K), 0 survivors (0K)
 Metaspace       used 38508K, committed 38976K, reserved 1089536K
  class space    used 4845K, committed 4992K, reserved 1048576K
}
Event: 11429.879 GC heap before
{Heap before GC invocations=1128 (full 1112):
 garbage-first heap   total 77824K, used 26312K [0x0000000081a00000, 0x0000000100000000)
  region size 1024K, 4 young (4096K), 0 survivors (0K)
 Metaspace       used 38508K, committed 38976K, reserved 1089536K
  class space    used 4845K, committed 4992K, reserved 1048576K
}
Event: 11429.909 GC heap after
{Heap after GC invocations=1129 (full 1113):
 garbage-first heap   total 77824K, used 23240K [0x0000000081a00000, 0x0000000100000000)
  region size 1024K, 0 young (0K), 0 survivors (0K)
 Metaspace       used 38508K, committed 38976K, reserved 1089536K
  class space    used 4845K, committed 4992K, reserved 1048576K
}
Event: 11440.059 GC heap before
{Heap before GC invocations=1129 (full 1113):
 garbage-first heap   total 77824K, used 25288K [0x0000000081a00000, 0x0000000100000000)
  region size 1024K, 3 young (3072K), 0 survivors (0K)
 Metaspace       used 38508K, committed 38976K, reserved 1089536K
  class space    used 4845K, committed 4992K, reserved 1048576K
}
Event: 11440.084 GC heap after
{Heap after GC invocations=1130 (full 1114):
 garbage-first heap   total 77824K, used 23240K [0x0000000081a00000, 0x0000000100000000)
  region size 1024K, 0 young (0K), 0 survivors (0K)
 Metaspace       used 38508K, committed 38976K, reserved 1089536K
  class space    used 4845K, committed 4992K, reserved 1048576K
}
Event: 11450.241 GC heap before
{Heap before GC invocations=1130 (full 1114):
 garbage-first heap   total 77824K, used 25288K [0x0000000081a00000, 0x0000000100000000)
  region size 1024K, 3 young (3072K), 0 survivors (0K)
 Metaspace       used 38508K, committed 38976K, reserved 1089536K
  class space    used 4845K, committed 4992K, reserved 1048576K
}
Event: 11450.269 GC heap after
{Heap after GC invocations=1131 (full 1115):
 garbage-first heap   total 77824K, used 23240K [0x0000000081a00000, 0x0000000100000000)
  region size 1024K, 0 young (0K), 0 survivors (0K)
 Metaspace       used 38508K, committed 38976K, reserved 1089536K
  class space    used 4845K, committed 4992K, reserved 1048576K
}
Event: 11460.450 GC heap before
{Heap before GC invocations=1131 (full 1115):
 garbage-first heap   total 77824K, used 25288K [0x0000000081a00000, 0x0000000100000000)
  region size 1024K, 3 young (3072K), 0 survivors (0K)
 Metaspace       used 38508K, committed 38976K, reserved 1089536K
  class space    used 4845K, committed 4992K, reserved 1048576K
}
Event: 11460.481 GC heap after
{Heap after GC invocations=1132 (full 1116):
 garbage-first heap   total 77824K, used 23240K [0x0000000081a00000, 0x0000000100000000)
  region size 1024K, 0 young (0K), 0 survivors (0K)
 Metaspace       used 38508K, committed 38976K, reserved 1089536K
  class space    used 4845K, committed 4992K, reserved 1048576K
}
Event: 11470.727 GC heap before
{Heap before GC invocations=1132 (full 1116):
 garbage-first heap   total 77824K, used 25288K [0x0000000081a00000, 0x0000000100000000)
  region size 1024K, 3 young (3072K), 0 survivors (0K)
 Metaspace       used 38508K, committed 38976K, reserved 1089536K
  class space    used 4845K, committed 4992K, reserved 1048576K
}
Event: 11470.759 GC heap after
{Heap after GC invocations=1133 (full 1117):
 garbage-first heap   total 77824K, used 23240K [0x0000000081a00000, 0x0000000100000000)
  region size 1024K, 0 young (0K), 0 survivors (0K)
 Metaspace       used 38508K, committed 38976K, reserved 1089536K
  class space    used 4845K, committed 4992K, reserved 1048576K
}
Event: 11481.714 GC heap before
{Heap before GC invocations=1133 (full 1117):
 garbage-first heap   total 77824K, used 25288K [0x0000000081a00000, 0x0000000100000000)
  region size 1024K, 3 young (3072K), 0 survivors (0K)
 Metaspace       used 38508K, committed 38976K, reserved 1089536K
  class space    used 4845K, committed 4992K, reserved 1048576K
}
Event: 11481.752 GC heap after
{Heap after GC invocations=1134 (full 1118):
 garbage-first heap   total 77824K, used 23240K [0x0000000081a00000, 0x0000000100000000)
  region size 1024K, 0 young (0K), 0 survivors (0K)
 Metaspace       used 38508K, committed 38976K, reserved 1089536K
  class space    used 4845K, committed 4992K, reserved 1048576K
}
Event: 11491.962 GC heap before
{Heap before GC invocations=1134 (full 1118):
 garbage-first heap   total 77824K, used 25288K [0x0000000081a00000, 0x0000000100000000)
  region size 1024K, 3 young (3072K), 0 survivors (0K)
 Metaspace       used 38508K, committed 38976K, reserved 1089536K
  class space    used 4845K, committed 4992K, reserved 1048576K
}
Event: 11491.991 GC heap after
{Heap after GC invocations=1135 (full 1119):
 garbage-first heap   total 77824K, used 23240K [0x0000000081a00000, 0x0000000100000000)
  region size 1024K, 0 young (0K), 0 survivors (0K)
 Metaspace       used 38508K, committed 38976K, reserved 1089536K
  class space    used 4845K, committed 4992K, reserved 1048576K
}
Event: 11502.192 GC heap before
{Heap before GC invocations=1135 (full 1119):
 garbage-first heap   total 77824K, used 25288K [0x0000000081a00000, 0x0000000100000000)
  region size 1024K, 3 young (3072K), 0 survivors (0K)
 Metaspace       used 38508K, committed 38976K, reserved 1089536K
  class space    used 4845K, committed 4992K, reserved 1048576K
}
Event: 11502.226 GC heap after
{Heap after GC invocations=1136 (full 1120):
 garbage-first heap   total 77824K, used 23240K [0x0000000081a00000, 0x0000000100000000)
  region size 1024K, 0 young (0K), 0 survivors (0K)
 Metaspace       used 38508K, committed 38976K, reserved 1089536K
  class space    used 4845K, committed 4992K, reserved 1048576K
}
Event: 11512.391 GC heap before
{Heap before GC invocations=1136 (full 1120):
 garbage-first heap   total 77824K, used 25288K [0x0000000081a00000, 0x0000000100000000)
  region size 1024K, 3 young (3072K), 0 survivors (0K)
 Metaspace       used 38508K, committed 38976K, reserved 1089536K
  class space    used 4845K, committed 4992K, reserved 1048576K
}
Event: 11512.413 GC heap after
{Heap after GC invocations=1137 (full 1121):
 garbage-first heap   total 77824K, used 23240K [0x0000000081a00000, 0x0000000100000000)
  region size 1024K, 0 young (0K), 0 survivors (0K)
 Metaspace       used 38508K, committed 38976K, reserved 1089536K
  class space    used 4845K, committed 4992K, reserved 1048576K
}

Deoptimization events (20 events):
Event: 4.918 Thread 0x0000028427df22c0 DEOPT PACKING pc=0x000002842afa83f5 sp=0x000000f1c5ffdd30
Event: 4.918 Thread 0x0000028427df22c0 DEOPT UNPACKING pc=0x000002842aad2b43 sp=0x000000f1c5ffd1a0 mode 3
Event: 6.266 Thread 0x00000284378e7000 DEOPT PACKING pc=0x000002842b0dec35 sp=0x000000f1c79fdaa0
Event: 6.266 Thread 0x00000284378e7000 DEOPT UNPACKING pc=0x000002842aad2b43 sp=0x000000f1c79fcfc8 mode 3
Event: 6.544 Thread 0x0000028437911610 DEOPT PACKING pc=0x000002842aefb501 sp=0x000000f1c78fdce0
Event: 6.544 Thread 0x0000028437911610 DEOPT UNPACKING pc=0x000002842aad2b43 sp=0x000000f1c78fd170 mode 3
Event: 6.884 Thread 0x00000284378e7000 DEOPT PACKING pc=0x000002842aeec797 sp=0x000000f1c79ff0b0
Event: 6.884 Thread 0x00000284378e7000 DEOPT UNPACKING pc=0x000002842aad2b43 sp=0x000000f1c79fe508 mode 3
Event: 7.195 Thread 0x0000028437aa4740 DEOPT PACKING pc=0x000002842b1a7c5c sp=0x000000f1c7dfe870
Event: 7.195 Thread 0x0000028437aa4740 DEOPT UNPACKING pc=0x000002842aad2b43 sp=0x000000f1c7dfdd18 mode 0
Event: 7.394 Thread 0x0000028437aa4740 DEOPT PACKING pc=0x000002842b21756a sp=0x000000f1c7dfe310
Event: 7.394 Thread 0x0000028437aa4740 DEOPT UNPACKING pc=0x000002842aad2b43 sp=0x000000f1c7dfd7d0 mode 3
Event: 7.427 Thread 0x0000028437aa3da0 DEOPT PACKING pc=0x000002842b242770 sp=0x000000f1c81fdb00
Event: 7.427 Thread 0x0000028437aa3da0 DEOPT UNPACKING pc=0x000002842aad2b43 sp=0x000000f1c81fcff8 mode 3
Event: 7.445 Thread 0x0000028437aa4740 DEOPT PACKING pc=0x000002842b2587db sp=0x000000f1c7dfe0a0
Event: 7.445 Thread 0x0000028437aa4740 DEOPT UNPACKING pc=0x000002842aad2b43 sp=0x000000f1c7dfd538 mode 3
Event: 7.455 Thread 0x0000028437aa3da0 DEOPT PACKING pc=0x000002842b260714 sp=0x000000f1c81fe0d0
Event: 7.455 Thread 0x0000028437aa3da0 DEOPT UNPACKING pc=0x000002842aad2b43 sp=0x000000f1c81fd588 mode 3
Event: 7.720 Thread 0x0000028437aa3da0 DEOPT PACKING pc=0x000002842b302e46 sp=0x000000f1c81fe800
Event: 7.720 Thread 0x0000028437aa3da0 DEOPT UNPACKING pc=0x000002842aad2b43 sp=0x000000f1c81fdcf0 mode 3

Classes unloaded (20 events):
Event: 77.205 Thread 0x0000028434960b00 Unloading class 0x00000001000c9000 'java/lang/invoke/LambdaForm$MH+0x00000001000c9000'
Event: 77.205 Thread 0x0000028434960b00 Unloading class 0x00000001000c8c00 'java/lang/invoke/LambdaForm$MH+0x00000001000c8c00'
Event: 77.205 Thread 0x0000028434960b00 Unloading class 0x00000001000c8800 'java/lang/invoke/LambdaForm$MH+0x00000001000c8800'
Event: 77.205 Thread 0x0000028434960b00 Unloading class 0x00000001000c8000 'java/lang/invoke/LambdaForm$MH+0x00000001000c8000'
Event: 97.800 Thread 0x0000028434960b00 Unloading class 0x00000001003d1400 'java/lang/invoke/LambdaForm$MH+0x00000001003d1400'
Event: 97.800 Thread 0x0000028434960b00 Unloading class 0x00000001003d1000 'java/lang/invoke/LambdaForm$MH+0x00000001003d1000'
Event: 97.800 Thread 0x0000028434960b00 Unloading class 0x00000001003d0c00 'java/lang/invoke/LambdaForm$MH+0x00000001003d0c00'
Event: 97.800 Thread 0x0000028434960b00 Unloading class 0x00000001003d0800 'java/lang/invoke/LambdaForm$MH+0x00000001003d0800'
Event: 97.800 Thread 0x0000028434960b00 Unloading class 0x00000001003d0400 'java/lang/invoke/LambdaForm$MH+0x00000001003d0400'
Event: 97.800 Thread 0x0000028434960b00 Unloading class 0x00000001003d0000 'java/lang/invoke/LambdaForm$MH+0x00000001003d0000'
Event: 97.800 Thread 0x0000028434960b00 Unloading class 0x00000001002e1400 'java/lang/invoke/LambdaForm$MH+0x00000001002e1400'
Event: 10210.252 Thread 0x0000028434960b00 Unloading class 0x00000001000c9000 'java/lang/invoke/LambdaForm$MH+0x00000001000c9000'
Event: 10210.252 Thread 0x0000028434960b00 Unloading class 0x00000001000ca000 'java/lang/invoke/LambdaForm$MH+0x00000001000ca000'
Event: 10210.252 Thread 0x0000028434960b00 Unloading class 0x00000001000ca800 'java/lang/invoke/LambdaForm$MH+0x00000001000ca800'
Event: 10210.252 Thread 0x0000028434960b00 Unloading class 0x00000001001de800 'java/lang/invoke/LambdaForm$MH+0x00000001001de800'
Event: 10210.252 Thread 0x0000028434960b00 Unloading class 0x00000001002e2000 'java/lang/invoke/LambdaForm$MH+0x00000001002e2000'
Event: 10210.252 Thread 0x0000028434960b00 Unloading class 0x0000000100308400 'java/lang/invoke/LambdaForm$MH+0x0000000100308400'
Event: 10210.252 Thread 0x0000028434960b00 Unloading class 0x0000000100429400 'java/lang/invoke/LambdaForm$MH+0x0000000100429400'
Event: 10210.252 Thread 0x0000028434960b00 Unloading class 0x0000000100430400 'java/lang/invoke/LambdaForm$MH+0x0000000100430400'
Event: 10210.253 Thread 0x0000028434960b00 Unloading class 0x00000001002e1400 'java/lang/invoke/LambdaForm$MH+0x00000001002e1400'

Classes redefined (0 events):
No events

Internal exceptions (20 events):
Event: 7.744 Thread 0x0000028437aa3da0 Exception <a 'java/lang/ArrayIndexOutOfBoundsException'{0x0000000084f9be28}> (0x0000000084f9be28) 
thrown [e:\jenkins\tmp\workspace\build\src\src\hotspot\share\runtime\sharedRuntime.cpp, line 628]
Event: 7.752 Thread 0x0000028437aa3da0 Exception <a 'java/lang/ArrayIndexOutOfBoundsException'{0x0000000084e10a58}> (0x0000000084e10a58) 
thrown [e:\jenkins\tmp\workspace\build\src\src\hotspot\share\runtime\sharedRuntime.cpp, line 628]
Event: 7.754 Thread 0x0000028437aa3da0 Exception <a 'java/lang/ArrayIndexOutOfBoundsException'{0x0000000084e293e8}> (0x0000000084e293e8) 
thrown [e:\jenkins\tmp\workspace\build\src\src\hotspot\share\runtime\sharedRuntime.cpp, line 628]
Event: 7.781 Thread 0x0000028437aa3da0 Exception <a 'java/lang/ArrayIndexOutOfBoundsException'{0x0000000084d97208}> (0x0000000084d97208) 
thrown [e:\jenkins\tmp\workspace\build\src\src\hotspot\share\runtime\sharedRuntime.cpp, line 628]
Event: 7.782 Thread 0x0000028437aa3da0 Exception <a 'java/lang/ArrayIndexOutOfBoundsException'{0x0000000084dab8d8}> (0x0000000084dab8d8) 
thrown [e:\jenkins\tmp\workspace\build\src\src\hotspot\share\runtime\sharedRuntime.cpp, line 628]
Event: 7.783 Thread 0x0000028437aa3da0 Exception <a 'java/lang/ArrayIndexOutOfBoundsException'{0x0000000084dc0098}> (0x0000000084dc0098) 
thrown [e:\jenkins\tmp\workspace\build\src\src\hotspot\share\runtime\sharedRuntime.cpp, line 628]
Event: 7.784 Thread 0x0000028437aa3da0 Exception <a 'java/lang/ArrayIndexOutOfBoundsException'{0x0000000084dd45d8}> (0x0000000084dd45d8) 
thrown [e:\jenkins\tmp\workspace\build\src\src\hotspot\share\runtime\sharedRuntime.cpp, line 628]
Event: 7.798 Thread 0x0000028437aa3da0 Exception <a 'java/lang/ArrayIndexOutOfBoundsException'{0x0000000084c96560}> (0x0000000084c96560) 
thrown [e:\jenkins\tmp\workspace\build\src\src\hotspot\share\runtime\sharedRuntime.cpp, line 628]
Event: 7.800 Thread 0x0000028437aa3da0 Exception <a 'java/lang/ArrayIndexOutOfBoundsException'{0x0000000084cac860}> (0x0000000084cac860) 
thrown [e:\jenkins\tmp\workspace\build\src\src\hotspot\share\runtime\sharedRuntime.cpp, line 628]
Event: 7.813 Thread 0x0000028437aa3da0 Exception <a 'java/lang/ArrayIndexOutOfBoundsException'{0x0000000084b5c9b0}> (0x0000000084b5c9b0) 
thrown [e:\jenkins\tmp\workspace\build\src\src\hotspot\share\runtime\sharedRuntime.cpp, line 628]
Event: 7.814 Thread 0x0000028437aa3da0 Exception <a 'java/lang/ArrayIndexOutOfBoundsException'{0x0000000084b73e80}> (0x0000000084b73e80) 
thrown [e:\jenkins\tmp\workspace\build\src\src\hotspot\share\runtime\sharedRuntime.cpp, line 628]
Event: 7.823 Thread 0x0000028437aa3da0 Exception <a 'java/lang/ArrayIndexOutOfBoundsException'{0x0000000084bede58}> (0x0000000084bede58) 
thrown [e:\jenkins\tmp\workspace\build\src\src\hotspot\share\runtime\sharedRuntime.cpp, line 628]
Event: 7.829 Thread 0x0000028437aa3da0 Exception <a 'java/lang/NoSuchMethodError'{0x0000000084a1fff8}: 'void java.lang.invoke.DirectMethodHandle$Holder.invokeStatic(java.lang.Object, java.lang.Object, java.lang.Object, java.lang.Object, java.lang.Object, java.lang.Object)'> (0x0000000084a1fff8) 
thrown [e:\jenkins\tmp\workspace\build\src\src\hotspot\share\interpreter\linkResolver.cpp, line 766]
Event: 46.042 Thread 0x00000284378aff30 Exception <a 'java/lang/NoSuchMethodError'{0x00000000899f6df8}: 'void java.lang.invoke.DirectMethodHandle$Holder.invokeStatic(java.lang.Object, long)'> (0x00000000899f6df8) 
thrown [e:\jenkins\tmp\workspace\build\src\src\hotspot\share\interpreter\linkResolver.cpp, line 766]
Event: 46.044 Thread 0x00000284378aff30 Exception <a 'java/lang/NoSuchMethodError'{0x00000000899fc1a0}: 'java.lang.Object java.lang.invoke.DirectMethodHandle$Holder.newInvokeSpecial(java.lang.Object, long)'> (0x00000000899fc1a0) 
thrown [e:\jenkins\tmp\workspace\build\src\src\hotspot\share\interpreter\linkResolver.cpp, line 766]
Event: 3470.543 Thread 0x0000028437aa4270 Exception <a 'java/io/IOException'{0x0000000088db4da8}> (0x0000000088db4da8) 
thrown [e:\jenkins\tmp\workspace\build\src\src\hotspot\share\prims\jni.cpp, line 516]
Event: 3475.563 Thread 0x0000028437aa4270 Exception <a 'java/io/IOException'{0x0000000088b52578}> (0x0000000088b52578) 
thrown [e:\jenkins\tmp\workspace\build\src\src\hotspot\share\prims\jni.cpp, line 516]
Event: 3515.786 Thread 0x0000028437aa4740 Exception <a 'java/io/IOException'{0x0000000088cb12d0}> (0x0000000088cb12d0) 
thrown [e:\jenkins\tmp\workspace\build\src\src\hotspot\share\prims\jni.cpp, line 516]
Event: 10147.385 Thread 0x00000284378ac5f0 Exception <a 'java/lang/IllegalArgumentException'{0x0000000088c10800}: Could not map vmid to user name> (0x0000000088c10800) 
thrown [e:\jenkins\tmp\workspace\build\src\src\hotspot\os\windows\perfMemory_windows.cpp, line 1617]
Event: 10147.518 Thread 0x00000284378ac5f0 Exception <a 'java/io/FileNotFoundException'{0x0000000088c2e7c8}> (0x0000000088c2e7c8) 
thrown [e:\jenkins\tmp\workspace\build\src\src\hotspot\share\prims\jni.cpp, line 516]

VM Operations (20 events):
Event: 11419.731 Executing VM operation: G1CollectFull done
Event: 11429.879 Executing VM operation: G1CollectFull
Event: 11429.909 Executing VM operation: G1CollectFull done
Event: 11440.059 Executing VM operation: G1CollectFull
Event: 11440.084 Executing VM operation: G1CollectFull done
Event: 11450.241 Executing VM operation: G1CollectFull
Event: 11450.269 Executing VM operation: G1CollectFull done
Event: 11460.450 Executing VM operation: G1CollectFull
Event: 11460.481 Executing VM operation: G1CollectFull done
Event: 11470.727 Executing VM operation: G1CollectFull
Event: 11470.759 Executing VM operation: G1CollectFull done
Event: 11481.713 Executing VM operation: G1CollectFull
Event: 11481.752 Executing VM operation: G1CollectFull done
Event: 11491.962 Executing VM operation: G1CollectFull
Event: 11491.991 Executing VM operation: G1CollectFull done
Event: 11502.192 Executing VM operation: G1CollectFull
Event: 11502.226 Executing VM operation: G1CollectFull done
Event: 11512.391 Executing VM operation: G1CollectFull
Event: 11512.414 Executing VM operation: G1CollectFull done
Event: 11522.604 Executing VM operation: G1CollectFull

Events (20 events):
Event: 725.402 Thread 0x0000028435b7ee40 Thread added: 0x0000028435b7ee40
Event: 730.422 Thread 0x0000028435b7ee40 Thread exited: 0x0000028435b7ee40
Event: 730.422 Thread 0x0000028437cf8610 Thread exited: 0x0000028437cf8610
Event: 760.676 Thread 0x0000028437aa38d0 Thread added: 0x0000028437aa38d0
Event: 876.335 Thread 0x0000028437aa38d0 Thread exited: 0x0000028437aa38d0
Event: 931.930 Thread 0x0000028437cf8610 Thread added: 0x0000028437cf8610
Event: 931.930 Thread 0x0000028435b7ee40 Thread added: 0x0000028435b7ee40
Event: 936.946 Thread 0x0000028435b7ee40 Thread exited: 0x0000028435b7ee40
Event: 936.946 Thread 0x0000028437cf8610 Thread exited: 0x0000028437cf8610
Event: 1932.029 Thread 0x00000284379dee70 Thread added: 0x00000284379dee70
Event: 1932.029 Thread 0x00000284379df380 Thread added: 0x00000284379df380
Event: 1937.039 Thread 0x00000284379df380 Thread exited: 0x00000284379df380
Event: 1942.053 Thread 0x00000284379dee70 Thread exited: 0x00000284379dee70
Event: 2082.935 Thread 0x0000028437aa38d0 Thread added: 0x0000028437aa38d0
Event: 2148.089 Thread 0x0000028437aa38d0 Thread exited: 0x0000028437aa38d0
Event: 3445.262 Thread 0x0000028437aa38d0 Thread added: 0x0000028437aa38d0
Event: 3460.423 Thread 0x0000028437aa4270 Thread added: 0x0000028437aa4270
Event: 3515.752 Thread 0x0000028437aa4740 Thread added: 0x0000028437aa4740
Event: 9040.151 Thread 0x0000028435df35c0 Thread added: 0x0000028435df35c0
Event: 9045.181 Thread 0x0000028435df35c0 Thread exited: 0x0000028435df35c0


Dynamic libraries:
0x00007ff7821e0000 - 0x00007ff7821ee000 	c:\Users\user1\.vscode\extensions\redhat.java-1.4.0\jre\17.0.2-win32-x86_64\bin\java.exe
0x00007ff89c090000 - 0x00007ff89c285000 	C:\Windows\SYSTEM32\ntdll.dll
0x00007ff89ae50000 - 0x00007ff89af0e000 	C:\Windows\System32\KERNEL32.DLL
0x00007ff899a70000 - 0x00007ff899d38000 	C:\Windows\System32\KERNELBASE.dll
0x00007ff8997a0000 - 0x00007ff8998a0000 	C:\Windows\System32\ucrtbase.dll
0x00007ff892750000 - 0x00007ff892768000 	c:\Users\user1\.vscode\extensions\redhat.java-1.4.0\jre\17.0.2-win32-x86_64\bin\jli.dll
0x00007ff892730000 - 0x00007ff892749000 	c:\Users\user1\.vscode\extensions\redhat.java-1.4.0\jre\17.0.2-win32-x86_64\bin\VCRUNTIME140.dll
0x00007ff89a790000 - 0x00007ff89a930000 	C:\Windows\System32\USER32.dll
0x00007ff8874e0000 - 0x00007ff88777a000 	C:\Windows\WinSxS\amd64_microsoft.windows.common-controls_6595b64144ccf1df_6.0.19041.1110_none_60b5254171f9507e\COMCTL32.dll
0x00007ff899ef0000 - 0x00007ff899f12000 	C:\Windows\System32\win32u.dll
0x00007ff89aca0000 - 0x00007ff89ad3e000 	C:\Windows\System32\msvcrt.dll
0x00007ff89aaf0000 - 0x00007ff89ab1b000 	C:\Windows\System32\GDI32.dll
0x00007ff899fd0000 - 0x00007ff89a0dd000 	C:\Windows\System32\gdi32full.dll
0x00007ff899940000 - 0x00007ff8999dd000 	C:\Windows\System32\msvcp_win.dll
0x00007ff89ae20000 - 0x00007ff89ae50000 	C:\Windows\System32\IMM32.DLL
0x00007ff892720000 - 0x00007ff89272c000 	c:\Users\user1\.vscode\extensions\redhat.java-1.4.0\jre\17.0.2-win32-x86_64\bin\vcruntime140_1.dll
0x00007ff890bc0000 - 0x00007ff890c51000 	c:\Users\user1\.vscode\extensions\redhat.java-1.4.0\jre\17.0.2-win32-x86_64\bin\msvcp140.dll
0x00007ff822430000 - 0x00007ff823077000 	c:\Users\user1\.vscode\extensions\redhat.java-1.4.0\jre\17.0.2-win32-x86_64\bin\server\jvm.dll
0x00007ff89ab20000 - 0x00007ff89abce000 	C:\Windows\System32\ADVAPI32.dll
0x00007ff89a930000 - 0x00007ff89a9cc000 	C:\Windows\System32\sechost.dll
0x00007ff89bf20000 - 0x00007ff89c045000 	C:\Windows\System32\RPCRT4.dll
0x00007ff89b9a0000 - 0x00007ff89b9a8000 	C:\Windows\System32\PSAPI.DLL
0x00007ff883540000 - 0x00007ff883549000 	C:\Windows\SYSTEM32\WSOCK32.dll
0x00007ff89af10000 - 0x00007ff89af7b000 	C:\Windows\System32\WS2_32.dll
0x00007ff896c00000 - 0x00007ff896c0a000 	C:\Windows\SYSTEM32\VERSION.dll
0x00007ff880f90000 - 0x00007ff880fb7000 	C:\Windows\SYSTEM32\WINMM.dll
0x00007ff898010000 - 0x00007ff898022000 	C:\Windows\SYSTEM32\kernel.appcore.dll
0x00007ff892710000 - 0x00007ff89271a000 	c:\Users\user1\.vscode\extensions\redhat.java-1.4.0\jre\17.0.2-win32-x86_64\bin\jimage.dll
0x00007ff897d20000 - 0x00007ff897f04000 	C:\Windows\SYSTEM32\DBGHELP.DLL
0x00007ff883a70000 - 0x00007ff883a9c000 	C:\Windows\SYSTEM32\dbgcore.DLL
0x00007ff8999e0000 - 0x00007ff899a62000 	C:\Windows\System32\bcryptPrimitives.dll
0x00007ff890b90000 - 0x00007ff890bb5000 	c:\Users\user1\.vscode\extensions\redhat.java-1.4.0\jre\17.0.2-win32-x86_64\bin\java.dll
0x00007ff890b70000 - 0x00007ff890b88000 	c:\Users\user1\.vscode\extensions\redhat.java-1.4.0\jre\17.0.2-win32-x86_64\bin\zip.dll
0x00007ff89b1c0000 - 0x00007ff89b904000 	C:\Windows\System32\SHELL32.dll
0x00007ff897580000 - 0x00007ff897d14000 	C:\Windows\SYSTEM32\windows.storage.dll
0x00007ff89bb60000 - 0x00007ff89beb5000 	C:\Windows\System32\combase.dll
0x00007ff8991f0000 - 0x00007ff89921e000 	C:\Windows\SYSTEM32\Wldp.dll
0x00007ff89abd0000 - 0x00007ff89ac7d000 	C:\Windows\System32\SHCORE.dll
0x00007ff89afe0000 - 0x00007ff89b035000 	C:\Windows\System32\shlwapi.dll
0x00007ff8996e0000 - 0x00007ff8996ff000 	C:\Windows\SYSTEM32\profapi.dll
0x00007ff890b50000 - 0x00007ff890b69000 	C:\Users\user1\.vscode\extensions\redhat.java-1.4.0\jre\17.0.2-win32-x86_64\bin\net.dll
0x00007ff896c10000 - 0x00007ff896d1c000 	C:\Windows\SYSTEM32\WINHTTP.dll
0x00007ff898f50000 - 0x00007ff898fba000 	C:\Windows\system32\mswsock.dll
0x00007ff890b30000 - 0x00007ff890b45000 	C:\Users\user1\.vscode\extensions\redhat.java-1.4.0\jre\17.0.2-win32-x86_64\bin\nio.dll
0x00007ff890a60000 - 0x00007ff890a70000 	c:\Users\user1\.vscode\extensions\redhat.java-1.4.0\jre\17.0.2-win32-x86_64\bin\verify.dll
0x00007ff890b20000 - 0x00007ff890b29000 	C:\Users\user1\.vscode\extensions\redhat.java-1.4.0\jre\17.0.2-win32-x86_64\bin\management.dll
0x00007ff890b10000 - 0x00007ff890b1b000 	C:\Users\user1\.vscode\extensions\redhat.java-1.4.0\jre\17.0.2-win32-x86_64\bin\management_ext.dll
0x00007ff87bfb0000 - 0x00007ff87bfc7000 	C:\Windows\system32\napinsp.dll
0x00007ff87bf90000 - 0x00007ff87bfab000 	C:\Windows\system32\pnrpnsp.dll
0x00007ff893b90000 - 0x00007ff893ba5000 	C:\Windows\system32\wshbth.dll
0x00007ff894950000 - 0x00007ff89496d000 	C:\Windows\system32\NLAapi.dll
0x00007ff898bf0000 - 0x00007ff898c2b000 	C:\Windows\SYSTEM32\IPHLPAPI.DLL
0x00007ff898c40000 - 0x00007ff898d0b000 	C:\Windows\SYSTEM32\DNSAPI.dll
0x00007ff89b9b0000 - 0x00007ff89b9b8000 	C:\Windows\System32\NSI.dll
0x00007ff87bf70000 - 0x00007ff87bf82000 	C:\Windows\System32\winrnr.dll
0x00007ff886d80000 - 0x00007ff886d8a000 	C:\Windows\System32\rasadhlp.dll
0x00007ff886f40000 - 0x00007ff886fbf000 	C:\Windows\System32\fwpuclnt.dll
0x00007ff899910000 - 0x00007ff899937000 	C:\Windows\System32\bcrypt.dll
0x00007ff899140000 - 0x00007ff899158000 	C:\Windows\SYSTEM32\CRYPTSP.dll
0x00007ff898860000 - 0x00007ff898894000 	C:\Windows\system32\rsaenh.dll
0x00007ff8996a0000 - 0x00007ff8996ce000 	C:\Windows\SYSTEM32\USERENV.dll
0x00007ff899160000 - 0x00007ff89916c000 	C:\Windows\SYSTEM32\CRYPTBASE.dll
0x00007ff88dae0000 - 0x00007ff88daf7000 	C:\Windows\SYSTEM32\dhcpcsvc6.DLL
0x00007ff88dac0000 - 0x00007ff88dadd000 	C:\Windows\SYSTEM32\dhcpcsvc.DLL
0x00007ff890b00000 - 0x00007ff890b09000 	C:\Users\user1\.vscode\extensions\redhat.java-1.4.0\jre\17.0.2-win32-x86_64\bin\attach.dll

dbghelp: loaded successfully - version: 4.0.5 - missing functions: none
symbol engine: initialized successfully - sym options: 0x614 - pdb path: .;c:\Users\user1\.vscode\extensions\redhat.java-1.4.0\jre\17.0.2-win32-x86_64\bin;C:\Windows\SYSTEM32;C:\Windows\WinSxS\amd64_microsoft.windows.common-controls_6595b64144ccf1df_6.0.19041.1110_none_60b5254171f9507e;c:\Users\user1\.vscode\extensions\redhat.java-1.4.0\jre\17.0.2-win32-x86_64\bin\server

VM Arguments:
jvm_args: -Dsts.lsp.client=vscode -Dsts.log.file=/dev/null -XX:TieredStopAtLevel=1 -Dspring.config.location=file:c:\Users\user1\.vscode\extensions\pivotal.vscode-spring-boot-1.32.0\language-server\BOOT-INF\classes\application.properties 
java_command: org.springframework.ide.vscode.boot.app.BootLanguageServerBootApp
java_class_path (initial): c:\Users\user1\.vscode\extensions\pivotal.vscode-spring-boot-1.32.0\language-server\BOOT-INF\classes;c:\Users\user1\.vscode\extensions\pivotal.vscode-spring-boot-1.32.0\language-server\BOOT-INF\lib\antlr4-runtime-4.5.3.jar;c:\Users\user1\.vscode\extensions\pivotal.vscode-spring-boot-1.32.0\language-server\BOOT-INF\lib\byte-buddy-1.10.18.jar;c:\Users\user1\.vscode\extensions\pivotal.vscode-spring-boot-1.32.0\language-server\BOOT-INF\lib\commons-codec-1.14.jar;c:\Users\user1\.vscode\extensions\pivotal.vscode-spring-boot-1.32.0\language-server\BOOT-INF\lib\commons-io-2.4.jar;c:\Users\user1\.vscode\extensions\pivotal.vscode-spring-boot-1.32.0\language-server\BOOT-INF\lib\commons-java-1.32.0-SNAPSHOT.jar;c:\Users\user1\.vscode\extensions\pivotal.vscode-spring-boot-1.32.0\language-server\BOOT-INF\lib\commons-lang3-3.10.jar;c:\Users\user1\.vscode\extensions\pivotal.vscode-spring-boot-1.32.0\language-server\BOOT-INF\lib\commons-language-server-1.32.0-SNAPSHOT.jar;c:\Users\user1\.vscode\extensions\pivotal.vscode-spring-boot-1.32.0\language-server\BOOT-INF\lib\commons-lsp-extensions-1.32.0-SNAPSHOT.jar;c:\Users\user1\.vscode\extensions\pivotal.vscode-spring-boot-1.32.0\language-server\BOOT-INF\lib\commons-util-1.32.0-SNAPSHOT.jar;c:\Users\user1\.vscode\extensions\pivotal.vscode-spring-boot-1.32.0\language-server\BOOT-INF\lib\commons-yaml-1.32.0-SNAPSHOT.jar;c:\Users\user1\.vscode\extensions\pivotal.vscode-spring-boot-1.32.0\language-server\BOOT-INF\lib\gson-2.8.6.jar;c:\Users\user1\.vscode\extensions\pivotal.vscode-spring-boot-1.32.0\language-server\BOOT-INF\lib\guava-19.0.jar;c:\Users\user1\.vscode\extensions\pivotal.vscode-spring-boot-1.32.0\language-server\BOOT-INF\lib\jakarta.annotation-api-1.3.5.jar;c:\Users\user1\.vscode\extensions\pivotal.vscode-spring-boot-1.32.0\language-server\BOOT-INF\lib\jandex-2.0.5.Final.jar;c:\Users\user1\.vscode\extensions\pivotal.vscode-spring-boot-1.32.0\language-server\BOOT-INF\lib\java-properties-1.32.0-SNAPSHO
Launcher Type: SUN_STANDARD

[Global flags]
     intx CICompilerCount                          = 3                                         {product} {ergonomic}
     uint ConcGCThreads                            = 1                                         {product} {ergonomic}
     uint G1ConcRefinementThreads                  = 4                                         {product} {ergonomic}
   size_t G1HeapRegionSize                         = 1048576                                   {product} {ergonomic}
    uintx GCDrainStackTargetSize                   = 64                                        {product} {ergonomic}
   size_t InitialHeapSize                          = 134217728                                 {product} {ergonomic}
   size_t MarkStackSize                            = 4194304                                   {product} {ergonomic}
   size_t MaxHeapSize                              = 2120220672                                {product} {ergonomic}
   size_t MaxNewSize                               = 1271922688                                {product} {ergonomic}
   size_t MinHeapDeltaBytes                        = 1048576                                   {product} {ergonomic}
   size_t MinHeapSize                              = 8388608                                   {product} {ergonomic}
    uintx NonProfiledCodeHeapSize                  = 0                                      {pd product} {ergonomic}
     bool ProfileInterpreter                       = false                                  {pd product} {command line}
    uintx ProfiledCodeHeapSize                     = 0                                      {pd product} {ergonomic}
   size_t SoftMaxHeapSize                          = 2120220672                             {manageable} {ergonomic}
     intx TieredStopAtLevel                        = 1                                         {product} {command line}
     bool UseCompressedClassPointers               = true                           {product lp64_product} {ergonomic}
     bool UseCompressedOops                        = true                           {product lp64_product} {ergonomic}
     bool UseG1GC                                  = true                                      {product} {ergonomic}
     bool UseLargePagesIndividualAllocation        = false                                  {pd product} {ergonomic}

Logging:
Log output configuration:
 #0: stdout all=warning uptime,level,tags
 #1: stderr all=off uptime,level,tags

Environment Variables:
JAVA_HOME=C:\Program Files\Java\jdk1.8.0_321
PATH=C:\Program Files (x86)\Common Files\Oracle\Java\javapath;C:\Windows\system32;C:\Windows;C:\Windows\System32\Wbem;C:\Windows\System32\WindowsPowerShell\v1.0\;C:\Windows\System32\OpenSSH\;C:\Program Files\Git\cmd;C:\flutter\bin;C:\Program Files\Cloudflare\Cloudflare WARP\;C:\Program Files\nodejs\;C:\ProgramData\chocolatey\bin;C:\maven\bin;C:\Program Files\Java\jdk1.8.0_321\bin;C:\Users\user1\AppData\Local\Microsoft\WindowsApps;;C:\Users\user1\AppData\Local\Programs\Microsoft VS Code\bin;C:\Users\user1\AppData\Roaming\npm
USERNAME=user1
OS=Windows_NT
PROCESSOR_IDENTIFIER=Intel64 Family 6 Model 78 Stepping 3, GenuineIntel



---------------  S Y S T E M  ---------------

OS:
 Windows 10 , 64 bit Build 19041 (10.0.19041.1503)
OS uptime: 3 days 16:46 hours

CPU: total 4 (initial active 4) (2 cores per cpu, 2 threads per core) family 6 model 78 stepping 3 microcode 0xea, cx8, cmov, fxsr, ht, mmx, 3dnowpref, sse, sse2, sse3, ssse3, sse4.1, sse4.2, popcnt, lzcnt, tsc, tscinvbit, avx, avx2, aes, erms, clmul, bmi1, bmi2, rtm, adx, fma, vzeroupper, clflush, clflushopt

Memory: 4k page, system-wide physical 8083M (1274M free)
TotalPageFile size 15000M (AvailPageFile size 13M)
current process WorkingSet (physical memory assigned to process): 48M, peak: 169M
current process commit charge ("private bytes"): 201M, peak: 221M

vm_info: OpenJDK 64-Bit Server VM (17.0.2+8) for windows-amd64 JRE (17.0.2+8), built on Jan 20 2022 04:52:34 by "" with MS VC++ 16.7 (VS2019)

END.
